#
# There is insufficient memory for the Java Runtime Environment to continue.
# Native memory allocation (malloc) failed to allocate 32744 bytes for ChunkPool::allocate
# Possible reasons:
#   The system is out of physical RAM or swap space
#   The process is running with CompressedOops enabled, and the Java Heap may be blocking the growth of the native heap
# Possible solutions:
#   Reduce memory load on the system
#   Increase physical memory or swap space
#   Check if swap backing store is full
#   Decrease Java heap size (-Xmx/-Xms)
#   Decrease number of Java threads
#   Decrease Java thread stack sizes (-Xss)
#   Set larger code cache with -XX:ReservedCodeCacheSize=
#   JVM is running with Unscaled Compressed Oops mode in which the Java heap is
#     placed in the first 4GB address space. The Java Heap base address is the
#     maximum limit for the native heap growth. Please use -XX:HeapBaseMinAddress
#     to set the Java Heap base and to place the Java Heap above 4GB virtual address.
# This output file may be truncated or incomplete.
#
#  Out of Memory Error (./src/hotspot/share/memory/arena.cpp:81), pid=3288, tid=8940
#
# JRE version: OpenJDK Runtime Environment (11.0.8+10) (build 11.0.8+10-b944.6842174)
# Java VM: OpenJDK 64-Bit Server VM (11.0.8+10-b944.6842174, mixed mode, tiered, compressed oops, g1 gc, windows-amd64)
# No core dump will be written. Minidumps are not enabled by default on client versions of Windows
#

---------------  S U M M A R Y ------------

Command Line: --add-opens=java.base/java.util=ALL-UNNAMED --add-opens=java.base/java.lang=ALL-UNNAMED --add-opens=java.base/java.lang.invoke=ALL-UNNAMED --add-opens=java.prefs/java.util.prefs=ALL-UNNAMED -Xmx1536M -Dfile.encoding=windows-1256 -Duser.country=US -Duser.language=en -Duser.variant org.gradle.launcher.daemon.bootstrap.GradleDaemon 6.7

Host: Intel(R) Core(TM) i7-4600U CPU @ 2.10GHz, 4 cores, 7G,  Windows 10 , 64 bit Build 19041 (10.0.19041.1348)
Time: Mon Dec 13 18:47:34 2021 Arab Standard Time elapsed time: 605 seconds (0d 0h 10m 5s)

---------------  T H R E A D  ---------------

Current thread (0x0000026b9df8d000):  JavaThread "C2 CompilerThread0" daemon [_thread_in_native, id=8940, stack(0x00000079d4c00000,0x00000079d4d00000)]


Current CompileTask:
C2: 605880 9322       4       org.gradle.internal.logging.text.StreamingStyledTextOutput::doAppend (11 bytes)

Stack: [0x00000079d4c00000,0x00000079d4d00000]
Native frames: (J=compiled Java code, j=interpreted, Vv=VM code, C=native code)
V  [jvm.dll+0x5de50a]
V  [jvm.dll+0x7122f5]
V  [jvm.dll+0x71384d]
V  [jvm.dll+0x713f03]
V  [jvm.dll+0x23e728]
V  [jvm.dll+0xb8beb]
V  [jvm.dll+0xb8e9c]
V  [jvm.dll+0x2a7253]
V  [jvm.dll+0x2a7002]
V  [jvm.dll+0x6e97e6]
V  [jvm.dll+0x23b854]
V  [jvm.dll+0x60c405]
V  [jvm.dll+0x60b22d]
V  [jvm.dll+0x502858]
V  [jvm.dll+0x1ff393]
V  [jvm.dll+0x1f917c]
V  [jvm.dll+0x1f685f]
V  [jvm.dll+0x17f32c]
V  [jvm.dll+0x205047]
V  [jvm.dll+0x203891]
V  [jvm.dll+0x6dad3f]
V  [jvm.dll+0x6d3895]
V  [jvm.dll+0x5dd4a6]
C  [ucrtbase.dll+0x21bb2]
C  [KERNEL32.DLL+0x17034]
C  [ntdll.dll+0x52651]


---------------  P R O C E S S  ---------------

Threads class SMR info:
_java_thread_list=0x0000026ba776c670, length=154, elements={
0x0000026b857fe800, 0x0000026b9df6a800, 0x0000026b9df6b800, 0x0000026b9df8a000,
0x0000026b9df8b800, 0x0000026b9df8d000, 0x0000026b9df90000, 0x0000026b9df96000,
0x0000026b9ea35800, 0x0000026b9ea50000, 0x0000026b9fd08800, 0x0000026b9febd000,
0x0000026b9febd800, 0x0000026b9ed59800, 0x0000026b9ed5e800, 0x0000026b9ed59000,
0x0000026b9ed5d000, 0x0000026b9f3be000, 0x0000026ba2ed1800, 0x0000026ba2ec9800,
0x0000026ba2ec8800, 0x0000026ba2ecb000, 0x0000026ba2ecc800, 0x0000026ba2ecd800,
0x0000026ba2eca800, 0x0000026ba2ecc000, 0x0000026ba2ec8000, 0x0000026ba2ed2800,
0x0000026ba2ed0000, 0x0000026ba2ed4000, 0x0000026ba2ece800, 0x0000026ba2ed5000,
0x0000026ba2ecf000, 0x0000026ba2ed6800, 0x0000026ba2ed1000, 0x0000026ba2ed5800,
0x0000026b9f3be800, 0x0000026b9f3ba800, 0x0000026b9f3b9000, 0x0000026b9f3bf800,
0x0000026b9f3ba000, 0x0000026b9f3bb800, 0x0000026b9f3c0800, 0x0000026b9f3c2000,
0x0000026b9f3c1000, 0x0000026b9f3bc000, 0x0000026b9f3c3000, 0x0000026b9f3c7800,
0x0000026b9f3c3800, 0x0000026b9f3c5000, 0x0000026b9f3c6000, 0x0000026b9f3c4800,
0x0000026b9f3c7000, 0x0000026b9ed5b800, 0x0000026b9ed5a800, 0x0000026b9ed5c000,
0x0000026b9ed5f800, 0x0000026b9ed5e000, 0x0000026b9edf1800, 0x0000026b9edf0000,
0x0000026b9edee000, 0x0000026b9edf2800, 0x0000026b9edec800, 0x0000026b9edf0800,
0x0000026b9edef000, 0x0000026b9edf3000, 0x0000026b9eded800, 0x0000026b9edf7000,
0x0000026b9edf8000, 0x0000026b9edf4000, 0x0000026b9edfa800, 0x0000026b9edf9000,
0x0000026b9edf5800, 0x0000026b9edf6800, 0x0000026b9edf9800, 0x0000026b9edf4800,
0x0000026b9edfb000, 0x0000026ba7406000, 0x0000026ba7408800, 0x0000026ba7409800,
0x0000026ba740a800, 0x0000026ba7405800, 0x0000026ba7407000, 0x0000026ba7404800,
0x0000026ba740b000, 0x0000026ba740c000, 0x0000026ba740d000, 0x0000026ba740d800,
0x0000026ba7408000, 0x0000026ba7413800, 0x0000026ba740f000, 0x0000026ba740e800,
0x0000026ba7410000, 0x0000026ba7412800, 0x0000026ba7411800, 0x0000026ba7411000,
0x0000026ba80cd800, 0x0000026ba80ca800, 0x0000026ba80c9000, 0x0000026ba80c8000,
0x0000026ba80ce800, 0x0000026ba80cb000, 0x0000026ba80cf800, 0x0000026ba80c9800,
0x0000026ba80d0000, 0x0000026ba80d1000, 0x0000026ba80d2000, 0x0000026ba80cd000,
0x0000026ba80cc000, 0x0000026ba80d3800, 0x0000026ba80d2800, 0x0000026ba80d4000,
0x0000026ba80d5000, 0x0000026ba80d6000, 0x0000026ba80d6800, 0x0000026ba12b3000,
0x0000026ba12ae000, 0x0000026ba12b0000, 0x0000026ba12b0800, 0x0000026ba12b4000,
0x0000026ba12b2800, 0x0000026ba12b1800, 0x0000026ba12b5000, 0x0000026ba12af000,
0x0000026ba12b7000, 0x0000026ba12b9000, 0x0000026ba12b8000, 0x0000026ba12b5800,
0x0000026ba12b9800, 0x0000026ba12ba800, 0x0000026ba12bb800, 0x0000026ba12bc000,
0x0000026ba12b6800, 0x0000026ba12bd000, 0x0000026ba4636800, 0x0000026ba4637800,
0x0000026ba4638800, 0x0000026ba4639000, 0x0000026ba4633800, 0x0000026ba4634800,
0x0000026ba463b000, 0x0000026ba4635000, 0x0000026ba463b800, 0x0000026ba4636000,
0x0000026ba463c800, 0x0000026ba463d800, 0x0000026ba463e000, 0x0000026ba463f000,
0x0000026ba463f800, 0x0000026ba463a000, 0x0000026ba4640800, 0x0000026ba4641800,
0x0000026ba4642000, 0x0000026ba4493000
}

Java Threads: ( => current thread )
  0x0000026b857fe800 JavaThread "main" [_thread_blocked, id=12692, stack(0x00000079d4100000,0x00000079d4200000)]
  0x0000026b9df6a800 JavaThread "Reference Handler" daemon [_thread_blocked, id=10664, stack(0x00000079d4800000,0x00000079d4900000)]
  0x0000026b9df6b800 JavaThread "Finalizer" daemon [_thread_blocked, id=15300, stack(0x00000079d4900000,0x00000079d4a00000)]
  0x0000026b9df8a000 JavaThread "Signal Dispatcher" daemon [_thread_blocked, id=1484, stack(0x00000079d4a00000,0x00000079d4b00000)]
  0x0000026b9df8b800 JavaThread "Attach Listener" daemon [_thread_blocked, id=13924, stack(0x00000079d4b00000,0x00000079d4c00000)]
=>0x0000026b9df8d000 JavaThread "C2 CompilerThread0" daemon [_thread_in_native, id=8940, stack(0x00000079d4c00000,0x00000079d4d00000)]
  0x0000026b9df90000 JavaThread "C1 CompilerThread0" daemon [_thread_in_native, id=8688, stack(0x00000079d4d00000,0x00000079d4e00000)]
  0x0000026b9df96000 JavaThread "Sweeper thread" daemon [_thread_blocked, id=11112, stack(0x00000079d4e00000,0x00000079d4f00000)]
  0x0000026b9ea35800 JavaThread "Common-Cleaner" daemon [_thread_blocked, id=9324, stack(0x00000079d4f00000,0x00000079d5000000)]
  0x0000026b9ea50000 JavaThread "Service Thread" daemon [_thread_blocked, id=1512, stack(0x00000079d5000000,0x00000079d5100000)]
  0x0000026b9fd08800 JavaThread "Daemon health stats" [_thread_blocked, id=9552, stack(0x00000079d5200000,0x00000079d5300000)]
  0x0000026b9febd000 JavaThread "Incoming local TCP Connector on port 50181" [_thread_in_native, id=11524, stack(0x00000079d5700000,0x00000079d5800000)]
  0x0000026b9febd800 JavaThread "Daemon periodic checks" [_thread_blocked, id=12764, stack(0x00000079d5800000,0x00000079d5900000)]
  0x0000026b9ed59800 JavaThread "Cache worker for file hash cache (C:\Users\ifm\.gradle\caches\6.7\fileHashes)" [_thread_blocked, id=8712, stack(0x00000079d6100000,0x00000079d6200000)]
  0x0000026b9ed5e800 JavaThread "File lock request listener" [_thread_in_native, id=1916, stack(0x00000079d6200000,0x00000079d6300000)]
  0x0000026b9ed59000 JavaThread "Cache worker for journal cache (C:\Users\ifm\.gradle\caches\journal-1)" [_thread_blocked, id=13124, stack(0x00000079d6300000,0x00000079d6400000)]
  0x0000026b9ed5d000 JavaThread "Cache worker for execution history cache (C:\Users\ifm\.gradle\caches\6.7\executionHistory)" [_thread_blocked, id=13332, stack(0x00000079d6900000,0x00000079d6a00000)]
  0x0000026b9f3be000 JavaThread "Cache worker for file content cache (C:\Users\ifm\.gradle\caches\6.7\fileContent)" [_thread_blocked, id=5496, stack(0x00000079d6a00000,0x00000079d6b00000)]
  0x0000026ba2ed1800 JavaThread "Memory manager" [_thread_blocked, id=8764, stack(0x00000079d9300000,0x00000079d9400000)]
  0x0000026ba2ec9800 JavaThread "Daemon Thread 2" [_thread_blocked, id=13284, stack(0x00000079d3f00000,0x00000079d4000000)]
  0x0000026ba2ec8800 JavaThread "Handler for socket connection from /127.0.0.1:50181 to /127.0.0.1:50939" [_thread_in_native, id=7984, stack(0x00000079d4000000,0x00000079d4100000)]
  0x0000026ba2ecb000 JavaThread "Cancel handler" [_thread_blocked, id=13728, stack(0x00000079d5900000,0x00000079d5a00000)]
  0x0000026ba2ecc800 JavaThread "Daemon worker Thread 2" [_thread_blocked, id=14832, stack(0x00000079d5a00000,0x00000079d5b00000)]
  0x0000026ba2ecd800 JavaThread "Asynchronous log dispatcher for DefaultDaemonConnection: socket connection from /127.0.0.1:50181 to /127.0.0.1:50939" [_thread_blocked, id=3396, stack(0x00000079d5b00000,0x00000079d5c00000)]
  0x0000026ba2eca800 JavaThread "Stdin handler" [_thread_blocked, id=14248, stack(0x00000079d5c00000,0x00000079d5d00000)]
  0x0000026ba2ecc000 JavaThread "Thread-148" [_thread_blocked, id=12812, stack(0x00000079d5d00000,0x00000079d5e00000)]
  0x0000026ba2ec8000 JavaThread "Cache worker for file hash cache (F:\WorkSpaceVScode\flutter_practice\my_card\android\.gradle\6.7\fileHashes)" [_thread_blocked, id=12988, stack(0x00000079d5e00000,0x00000079d5f00000)]
  0x0000026ba2ed2800 JavaThread "Cache worker for checksums cache (F:\WorkSpaceVScode\flutter_practice\my_card\android\.gradle\checksums)" [_thread_blocked, id=10160, stack(0x00000079d5f00000,0x00000079d6000000)]
  0x0000026ba2ed0000 JavaThread "Cache worker for cache directory md-supplier (C:\Users\ifm\.gradle\caches\6.7\md-supplier)" [_thread_blocked, id=3644, stack(0x00000079d6400000,0x00000079d6500000)]
  0x0000026ba2ed4000 JavaThread "Cache worker for cache directory md-rule (C:\Users\ifm\.gradle\caches\6.7\md-rule)" [_thread_blocked, id=1128, stack(0x00000079d6500000,0x00000079d6600000)]
  0x0000026ba2ece800 JavaThread "Cache worker for Build Output Cleanup Cache (F:\WorkSpaceVScode\flutter_practice\my_card\android\.gradle\buildOutputCleanup)" [_thread_blocked, id=13056, stack(0x00000079d6600000,0x00000079d6700000)]
  0x0000026ba2ed5000 JavaThread "Build operations" [_thread_blocked, id=1508, stack(0x00000079d6800000,0x00000079d6900000)]
  0x0000026ba2ecf000 JavaThread "Build operations Thread 2" [_thread_blocked, id=12500, stack(0x00000079d6b00000,0x00000079d6c00000)]
  0x0000026ba2ed6800 JavaThread "Build operations Thread 3" [_thread_blocked, id=11052, stack(0x00000079d6c00000,0x00000079d6d00000)]
  0x0000026ba2ed1000 JavaThread "Build operations Thread 4" [_thread_blocked, id=12704, stack(0x00000079d6d00000,0x00000079d6e00000)]
  0x0000026ba2ed5800 JavaThread "jar transforms Thread 113" [_thread_blocked, id=1260, stack(0x00000079d6700000,0x00000079d6800000)]
  0x0000026b9f3be800 JavaThread "jar transforms Thread 114" [_thread_blocked, id=15204, stack(0x00000079d6e00000,0x00000079d6f00000)]
  0x0000026b9f3ba800 JavaThread "jar transforms Thread 115" [_thread_blocked, id=11752, stack(0x00000079d6f00000,0x00000079d7000000)]
  0x0000026b9f3b9000 JavaThread "jar transforms Thread 116" [_thread_blocked, id=15268, stack(0x00000079d7000000,0x00000079d7100000)]
  0x0000026b9f3bf800 JavaThread "jar transforms Thread 117" [_thread_blocked, id=7164, stack(0x00000079d7100000,0x00000079d7200000)]
  0x0000026b9f3ba000 JavaThread "jar transforms Thread 118" [_thread_blocked, id=11952, stack(0x00000079d7200000,0x00000079d7300000)]
  0x0000026b9f3bb800 JavaThread "jar transforms Thread 119" [_thread_blocked, id=6988, stack(0x00000079d7300000,0x00000079d7400000)]
  0x0000026b9f3c0800 JavaThread "jar transforms Thread 120" [_thread_blocked, id=6064, stack(0x00000079d7400000,0x00000079d7500000)]
  0x0000026b9f3c2000 JavaThread "jar transforms Thread 121" [_thread_blocked, id=8052, stack(0x00000079d7500000,0x00000079d7600000)]
  0x0000026b9f3c1000 JavaThread "jar transforms Thread 122" [_thread_blocked, id=12736, stack(0x00000079d7600000,0x00000079d7700000)]
  0x0000026b9f3bc000 JavaThread "jar transforms Thread 123" [_thread_blocked, id=10024, stack(0x00000079d7700000,0x00000079d7800000)]
  0x0000026b9f3c3000 JavaThread "jar transforms Thread 124" [_thread_blocked, id=5208, stack(0x00000079d7800000,0x00000079d7900000)]
  0x0000026b9f3c7800 JavaThread "jar transforms Thread 125" [_thread_blocked, id=8604, stack(0x00000079d7900000,0x00000079d7a00000)]
  0x0000026b9f3c3800 JavaThread "jar transforms Thread 126" [_thread_blocked, id=13444, stack(0x00000079d7a00000,0x00000079d7b00000)]
  0x0000026b9f3c5000 JavaThread "jar transforms Thread 127" [_thread_blocked, id=10016, stack(0x00000079d7b00000,0x00000079d7c00000)]
  0x0000026b9f3c6000 JavaThread "jar transforms Thread 128" [_thread_blocked, id=13492, stack(0x00000079d7c00000,0x00000079d7d00000)]
  0x0000026b9f3c4800 JavaThread "jar transforms Thread 129" [_thread_blocked, id=2384, stack(0x00000079d7d00000,0x00000079d7e00000)]
  0x0000026b9f3c7000 JavaThread "jar transforms Thread 130" [_thread_blocked, id=8916, stack(0x00000079d7e00000,0x00000079d7f00000)]
  0x0000026b9ed5b800 JavaThread "jar transforms Thread 131" [_thread_blocked, id=13576, stack(0x00000079d7f00000,0x00000079d8000000)]
  0x0000026b9ed5a800 JavaThread "jar transforms Thread 132" [_thread_blocked, id=1796, stack(0x00000079d8000000,0x00000079d8100000)]
  0x0000026b9ed5c000 JavaThread "jar transforms Thread 133" [_thread_blocked, id=3620, stack(0x00000079d8100000,0x00000079d8200000)]
  0x0000026b9ed5f800 JavaThread "jar transforms Thread 134" [_thread_blocked, id=8708, stack(0x00000079d8200000,0x00000079d8300000)]
  0x0000026b9ed5e000 JavaThread "jar transforms Thread 135" [_thread_blocked, id=12596, stack(0x00000079d8300000,0x00000079d8400000)]
  0x0000026b9edf1800 JavaThread "jar transforms Thread 136" [_thread_blocked, id=3108, stack(0x00000079d8400000,0x00000079d8500000)]
  0x0000026b9edf0000 JavaThread "jar transforms Thread 137" [_thread_blocked, id=14896, stack(0x00000079d8500000,0x00000079d8600000)]
  0x0000026b9edee000 JavaThread "jar transforms Thread 138" [_thread_blocked, id=14620, stack(0x00000079d8600000,0x00000079d8700000)]
  0x0000026b9edf2800 JavaThread "jar transforms Thread 139" [_thread_blocked, id=324, stack(0x00000079d8700000,0x00000079d8800000)]
  0x0000026b9edec800 JavaThread "jar transforms Thread 140" [_thread_blocked, id=9056, stack(0x00000079d8800000,0x00000079d8900000)]
  0x0000026b9edf0800 JavaThread "jar transforms Thread 141" [_thread_blocked, id=13308, stack(0x00000079d8900000,0x00000079d8a00000)]
  0x0000026b9edef000 JavaThread "jar transforms Thread 142" [_thread_blocked, id=13740, stack(0x00000079d8a00000,0x00000079d8b00000)]
  0x0000026b9edf3000 JavaThread "jar transforms Thread 143" [_thread_blocked, id=14636, stack(0x00000079d8b00000,0x00000079d8c00000)]
  0x0000026b9eded800 JavaThread "jar transforms Thread 144" [_thread_blocked, id=10728, stack(0x00000079d8c00000,0x00000079d8d00000)]
  0x0000026b9edf7000 JavaThread "jar transforms Thread 145" [_thread_blocked, id=13780, stack(0x00000079d8d00000,0x00000079d8e00000)]
  0x0000026b9edf8000 JavaThread "jar transforms Thread 146" [_thread_blocked, id=3716, stack(0x00000079d8e00000,0x00000079d8f00000)]
  0x0000026b9edf4000 JavaThread "jar transforms Thread 147" [_thread_blocked, id=11832, stack(0x00000079d8f00000,0x00000079d9000000)]
  0x0000026b9edfa800 JavaThread "jar transforms Thread 148" [_thread_blocked, id=4384, stack(0x00000079d9000000,0x00000079d9100000)]
  0x0000026b9edf9000 JavaThread "jar transforms Thread 149" [_thread_blocked, id=6820, stack(0x00000079d9100000,0x00000079d9200000)]
  0x0000026b9edf5800 JavaThread "jar transforms Thread 150" [_thread_blocked, id=6808, stack(0x00000079d9200000,0x00000079d9300000)]
  0x0000026b9edf6800 JavaThread "jar transforms Thread 151" [_thread_blocked, id=2760, stack(0x00000079d9400000,0x00000079d9500000)]
  0x0000026b9edf9800 JavaThread "jar transforms Thread 152" [_thread_blocked, id=13980, stack(0x00000079d9500000,0x00000079d9600000)]
  0x0000026b9edf4800 JavaThread "jar transforms Thread 153" [_thread_blocked, id=9260, stack(0x00000079d9600000,0x00000079d9700000)]
  0x0000026b9edfb000 JavaThread "jar transforms Thread 154" [_thread_blocked, id=6716, stack(0x00000079d9700000,0x00000079d9800000)]
  0x0000026ba7406000 JavaThread "jar transforms Thread 155" [_thread_blocked, id=6724, stack(0x00000079d9800000,0x00000079d9900000)]
  0x0000026ba7408800 JavaThread "jar transforms Thread 156" [_thread_blocked, id=6680, stack(0x00000079d9900000,0x00000079d9a00000)]
  0x0000026ba7409800 JavaThread "jar transforms Thread 157" [_thread_blocked, id=14404, stack(0x00000079d9a00000,0x00000079d9b00000)]
  0x0000026ba740a800 JavaThread "jar transforms Thread 158" [_thread_blocked, id=6832, stack(0x00000079d9b00000,0x00000079d9c00000)]
  0x0000026ba7405800 JavaThread "jar transforms Thread 159" [_thread_blocked, id=8872, stack(0x00000079d9c00000,0x00000079d9d00000)]
  0x0000026ba7407000 JavaThread "jar transforms Thread 160" [_thread_blocked, id=10976, stack(0x00000079d9d00000,0x00000079d9e00000)]
  0x0000026ba7404800 JavaThread "jar transforms Thread 161" [_thread_blocked, id=12240, stack(0x00000079d9e00000,0x00000079d9f00000)]
  0x0000026ba740b000 JavaThread "jar transforms Thread 162" [_thread_blocked, id=7076, stack(0x00000079d9f00000,0x00000079da000000)]
  0x0000026ba740c000 JavaThread "jar transforms Thread 163" [_thread_blocked, id=6656, stack(0x00000079da000000,0x00000079da100000)]
  0x0000026ba740d000 JavaThread "jar transforms Thread 164" [_thread_blocked, id=1224, stack(0x00000079da100000,0x00000079da200000)]
  0x0000026ba740d800 JavaThread "jar transforms Thread 165" [_thread_blocked, id=9144, stack(0x00000079da200000,0x00000079da300000)]
  0x0000026ba7408000 JavaThread "jar transforms Thread 166" [_thread_blocked, id=5856, stack(0x00000079da300000,0x00000079da400000)]
  0x0000026ba7413800 JavaThread "jar transforms Thread 167" [_thread_blocked, id=6804, stack(0x00000079da400000,0x00000079da500000)]
  0x0000026ba740f000 JavaThread "jar transforms Thread 168" [_thread_blocked, id=14256, stack(0x00000079da500000,0x00000079da600000)]
  0x0000026ba740e800 JavaThread "jar transforms Thread 169" [_thread_blocked, id=3732, stack(0x00000079da600000,0x00000079da700000)]
  0x0000026ba7410000 JavaThread "jar transforms Thread 170" [_thread_blocked, id=10616, stack(0x00000079da700000,0x00000079da800000)]
  0x0000026ba7412800 JavaThread "jar transforms Thread 171" [_thread_blocked, id=13804, stack(0x00000079da800000,0x00000079da900000)]
  0x0000026ba7411800 JavaThread "jar transforms Thread 172" [_thread_blocked, id=7232, stack(0x00000079da900000,0x00000079daa00000)]
  0x0000026ba7411000 JavaThread "jar transforms Thread 173" [_thread_blocked, id=10036, stack(0x00000079daa00000,0x00000079dab00000)]
  0x0000026ba80cd800 JavaThread "jar transforms Thread 174" [_thread_blocked, id=12696, stack(0x00000079dab00000,0x00000079dac00000)]
  0x0000026ba80ca800 JavaThread "jar transforms Thread 175" [_thread_blocked, id=9016, stack(0x00000079dac00000,0x00000079dad00000)]
  0x0000026ba80c9000 JavaThread "jar transforms Thread 176" [_thread_blocked, id=3632, stack(0x00000079dad00000,0x00000079dae00000)]
  0x0000026ba80c8000 JavaThread "jar transforms Thread 177" [_thread_blocked, id=10600, stack(0x00000079dae00000,0x00000079daf00000)]
  0x0000026ba80ce800 JavaThread "jar transforms Thread 178" [_thread_blocked, id=11080, stack(0x00000079daf00000,0x00000079db000000)]
  0x0000026ba80cb000 JavaThread "jar transforms Thread 179" [_thread_blocked, id=2108, stack(0x00000079db000000,0x00000079db100000)]
  0x0000026ba80cf800 JavaThread "jar transforms Thread 180" [_thread_blocked, id=10844, stack(0x00000079db100000,0x00000079db200000)]
  0x0000026ba80c9800 JavaThread "jar transforms Thread 181" [_thread_blocked, id=5352, stack(0x00000079db200000,0x00000079db300000)]
  0x0000026ba80d0000 JavaThread "jar transforms Thread 182" [_thread_blocked, id=5260, stack(0x00000079db300000,0x00000079db400000)]
  0x0000026ba80d1000 JavaThread "jar transforms Thread 183" [_thread_blocked, id=13024, stack(0x00000079db400000,0x00000079db500000)]
  0x0000026ba80d2000 JavaThread "jar transforms Thread 184" [_thread_blocked, id=5104, stack(0x00000079db500000,0x00000079db600000)]
  0x0000026ba80cd000 JavaThread "jar transforms Thread 185" [_thread_blocked, id=7932, stack(0x00000079db600000,0x00000079db700000)]
  0x0000026ba80cc000 JavaThread "jar transforms Thread 186" [_thread_blocked, id=13556, stack(0x00000079db700000,0x00000079db800000)]
  0x0000026ba80d3800 JavaThread "jar transforms Thread 187" [_thread_blocked, id=872, stack(0x00000079db800000,0x00000079db900000)]
  0x0000026ba80d2800 JavaThread "jar transforms Thread 188" [_thread_blocked, id=812, stack(0x00000079db900000,0x00000079dba00000)]
  0x0000026ba80d4000 JavaThread "jar transforms Thread 189" [_thread_blocked, id=15068, stack(0x00000079dba00000,0x00000079dbb00000)]
  0x0000026ba80d5000 JavaThread "jar transforms Thread 190" [_thread_blocked, id=7424, stack(0x00000079dbb00000,0x00000079dbc00000)]
  0x0000026ba80d6000 JavaThread "jar transforms Thread 191" [_thread_blocked, id=2388, stack(0x00000079dbc00000,0x00000079dbd00000)]
  0x0000026ba80d6800 JavaThread "jar transforms Thread 192" [_thread_blocked, id=2488, stack(0x00000079dbd00000,0x00000079dbe00000)]
  0x0000026ba12b3000 JavaThread "jar transforms Thread 193" [_thread_blocked, id=12480, stack(0x00000079dbe00000,0x00000079dbf00000)]
  0x0000026ba12ae000 JavaThread "jar transforms Thread 194" [_thread_blocked, id=13320, stack(0x00000079dbf00000,0x00000079dc000000)]
  0x0000026ba12b0000 JavaThread "jar transforms Thread 195" [_thread_blocked, id=9220, stack(0x00000079dc000000,0x00000079dc100000)]
  0x0000026ba12b0800 JavaThread "jar transforms Thread 196" [_thread_blocked, id=14716, stack(0x00000079dc100000,0x00000079dc200000)]
  0x0000026ba12b4000 JavaThread "jar transforms Thread 197" [_thread_blocked, id=11624, stack(0x00000079dc200000,0x00000079dc300000)]
  0x0000026ba12b2800 JavaThread "jar transforms Thread 198" [_thread_blocked, id=4808, stack(0x00000079dc300000,0x00000079dc400000)]
  0x0000026ba12b1800 JavaThread "jar transforms Thread 199" [_thread_blocked, id=9876, stack(0x00000079dc400000,0x00000079dc500000)]
  0x0000026ba12b5000 JavaThread "jar transforms Thread 200" [_thread_blocked, id=8888, stack(0x00000079dc500000,0x00000079dc600000)]
  0x0000026ba12af000 JavaThread "jar transforms Thread 201" [_thread_blocked, id=11380, stack(0x00000079dc600000,0x00000079dc700000)]
  0x0000026ba12b7000 JavaThread "jar transforms Thread 202" [_thread_blocked, id=14184, stack(0x00000079dc700000,0x00000079dc800000)]
  0x0000026ba12b9000 JavaThread "jar transforms Thread 203" [_thread_blocked, id=556, stack(0x00000079dc800000,0x00000079dc900000)]
  0x0000026ba12b8000 JavaThread "jar transforms Thread 204" [_thread_blocked, id=8620, stack(0x00000079dc900000,0x00000079dca00000)]
  0x0000026ba12b5800 JavaThread "jar transforms Thread 205" [_thread_blocked, id=9620, stack(0x00000079dca00000,0x00000079dcb00000)]
  0x0000026ba12b9800 JavaThread "jar transforms Thread 206" [_thread_blocked, id=13100, stack(0x00000079dcb00000,0x00000079dcc00000)]
  0x0000026ba12ba800 JavaThread "jar transforms Thread 207" [_thread_blocked, id=14788, stack(0x00000079dcc00000,0x00000079dcd00000)]
  0x0000026ba12bb800 JavaThread "jar transforms Thread 208" [_thread_blocked, id=14440, stack(0x00000079dcd00000,0x00000079dce00000)]
  0x0000026ba12bc000 JavaThread "jar transforms Thread 209" [_thread_blocked, id=7068, stack(0x00000079dce00000,0x00000079dcf00000)]
  0x0000026ba12b6800 JavaThread "jar transforms Thread 210" [_thread_blocked, id=5224, stack(0x00000079dcf00000,0x00000079dd000000)]
  0x0000026ba12bd000 JavaThread "jar transforms Thread 211" [_thread_blocked, id=11704, stack(0x00000079dd000000,0x00000079dd100000)]
  0x0000026ba4636800 JavaThread "jar transforms Thread 212" [_thread_blocked, id=1552, stack(0x00000079dd100000,0x00000079dd200000)]
  0x0000026ba4637800 JavaThread "jar transforms Thread 213" [_thread_blocked, id=12848, stack(0x00000079dd200000,0x00000079dd300000)]
  0x0000026ba4638800 JavaThread "jar transforms Thread 214" [_thread_blocked, id=2812, stack(0x00000079dd300000,0x00000079dd400000)]
  0x0000026ba4639000 JavaThread "jar transforms Thread 215" [_thread_blocked, id=972, stack(0x00000079dd400000,0x00000079dd500000)]
  0x0000026ba4633800 JavaThread "jar transforms Thread 216" [_thread_blocked, id=10936, stack(0x00000079dd500000,0x00000079dd600000)]
  0x0000026ba4634800 JavaThread "jar transforms Thread 217" [_thread_blocked, id=14196, stack(0x00000079dd600000,0x00000079dd700000)]
  0x0000026ba463b000 JavaThread "jar transforms Thread 218" [_thread_blocked, id=9908, stack(0x00000079dd700000,0x00000079dd800000)]
  0x0000026ba4635000 JavaThread "jar transforms Thread 219" [_thread_blocked, id=12672, stack(0x00000079dd800000,0x00000079dd900000)]
  0x0000026ba463b800 JavaThread "jar transforms Thread 220" [_thread_blocked, id=8332, stack(0x00000079dd900000,0x00000079dda00000)]
  0x0000026ba4636000 JavaThread "jar transforms Thread 221" [_thread_blocked, id=9376, stack(0x00000079dda00000,0x00000079ddb00000)]
  0x0000026ba463c800 JavaThread "jar transforms Thread 222" [_thread_blocked, id=14684, stack(0x00000079ddb00000,0x00000079ddc00000)]
  0x0000026ba463d800 JavaThread "jar transforms Thread 223" [_thread_blocked, id=5284, stack(0x00000079ddc00000,0x00000079ddd00000)]
  0x0000026ba463e000 JavaThread "jar transforms Thread 224" [_thread_blocked, id=8972, stack(0x00000079ddd00000,0x00000079dde00000)]
  0x0000026ba463f000 JavaThread "Execution worker for ':'" [_thread_blocked, id=11936, stack(0x00000079ddf00000,0x00000079de000000)]
  0x0000026ba463f800 JavaThread "Execution worker for ':' Thread 2" [_thread_blocked, id=13828, stack(0x00000079de000000,0x00000079de100000)]
  0x0000026ba463a000 JavaThread "Execution worker for ':' Thread 3" [_thread_blocked, id=6684, stack(0x00000079de100000,0x00000079de200000)]
  0x0000026ba4640800 JavaThread "Cache worker for execution history cache (F:\WorkSpaceVScode\flutter_practice\my_card\android\.gradle\6.7\executionHistory)" [_thread_blocked, id=15296, stack(0x00000079de200000,0x00000079de300000)]
  0x0000026ba4641800 JavaThread "Exec process Thread 4" [_thread_in_native, id=3528, stack(0x00000079dde00000,0x00000079ddf00000)]
  0x0000026ba4642000 JavaThread "Exec process Thread 5" [_thread_in_native, id=1568, stack(0x00000079de300000,0x00000079de400000)]
  0x0000026ba4493000 JavaThread "Exec process Thread 6" [_thread_in_native, id=1120, stack(0x00000079de400000,0x00000079de500000)]

Other Threads:
  0x0000026b9df43800 VMThread "VM Thread" [stack: 0x00000079d4700000,0x00000079d4800000] [id=8892]
  0x0000026b9ea51800 WatcherThread [stack: 0x00000079d5100000,0x00000079d5200000] [id=13884]
  0x0000026b85817000 GCTaskThread "GC Thread#0" [stack: 0x00000079d4200000,0x00000079d4300000] [id=5644]
  0x0000026b9f2c6800 GCTaskThread "GC Thread#1" [stack: 0x00000079d5300000,0x00000079d5400000] [id=6500]
  0x0000026b9f317000 GCTaskThread "GC Thread#2" [stack: 0x00000079d5400000,0x00000079d5500000] [id=4416]
  0x0000026b9f517800 GCTaskThread "GC Thread#3" [stack: 0x00000079d6000000,0x00000079d6100000] [id=5068]
  0x0000026b8583d800 ConcurrentGCThread "G1 Main Marker" [stack: 0x00000079d4300000,0x00000079d4400000] [id=13212]
  0x0000026b8583f000 ConcurrentGCThread "G1 Conc#0" [stack: 0x00000079d4400000,0x00000079d4500000] [id=764]
  0x0000026b858ca000 ConcurrentGCThread "G1 Refine#0" [stack: 0x00000079d4500000,0x00000079d4600000] [id=11892]
  0x0000026b858cb000 ConcurrentGCThread "G1 Young RemSet Sampling" [stack: 0x00000079d4600000,0x00000079d4700000] [id=7740]

Threads with active compile tasks:
C2 CompilerThread0 605948 9322       4       org.gradle.internal.logging.text.StreamingStyledTextOutput::doAppend (11 bytes)
C1 CompilerThread0 605948 9329       3       org.gradle.workers.internal.WorkerDaemonClientsManager$LogLevelChangeEventListener::onOutput (25 bytes)

VM state:not at safepoint (normal execution)

VM Mutex/Monitor currently owned by a thread: None

Heap address: 0x00000000a0000000, size: 1536 MB, Compressed Oops mode: 32-bit
Narrow klass base: 0x0000000000000000, Narrow klass shift: 3
Compressed class space size: 1073741824 Address: 0x0000000100000000

Heap:
 garbage-first heap   total 131072K, used 87734K [0x00000000a0000000, 0x0000000100000000)
  region size 1024K, 23 young (23552K), 4 survivors (4096K)
 Metaspace       used 80326K, capacity 82609K, committed 82944K, reserved 1120256K
  class space    used 10290K, capacity 11150K, committed 11264K, reserved 1048576K
Heap Regions: E=young(eden), S=young(survivor), O=old, HS=humongous(starts), HC=humongous(continues), CS=collection set, F=free, A=archive, TAMS=top-at-mark-start (previous, next)
|   0|0x00000000a0000000, 0x00000000a0100000, 0x00000000a0100000|100%| O|  |TAMS 0x00000000a0100000, 0x00000000a0000000| Untracked 
|   1|0x00000000a0100000, 0x00000000a0200000, 0x00000000a0200000|100%| O|  |TAMS 0x00000000a0200000, 0x00000000a0100000| Untracked 
|   2|0x00000000a0200000, 0x00000000a0300000, 0x00000000a0300000|100%| O|  |TAMS 0x00000000a0300000, 0x00000000a0200000| Untracked 
|   3|0x00000000a0300000, 0x00000000a0400000, 0x00000000a0400000|100%|HS|  |TAMS 0x00000000a0400000, 0x00000000a0300000| Complete 
|   4|0x00000000a0400000, 0x00000000a0500000, 0x00000000a0500000|100%|HC|  |TAMS 0x00000000a0500000, 0x00000000a0400000| Complete 
|   5|0x00000000a0500000, 0x00000000a0600000, 0x00000000a0600000|100%|HC|  |TAMS 0x00000000a0600000, 0x00000000a0500000| Complete 
|   6|0x00000000a0600000, 0x00000000a0700000, 0x00000000a0700000|100%| O|  |TAMS 0x00000000a0700000, 0x00000000a0600000| Untracked 
|   7|0x00000000a0700000, 0x00000000a0800000, 0x00000000a0800000|100%| O|  |TAMS 0x00000000a0800000, 0x00000000a0700000| Untracked 
|   8|0x00000000a0800000, 0x00000000a0900000, 0x00000000a0900000|100%| O|  |TAMS 0x00000000a0900000, 0x00000000a0800000| Untracked 
|   9|0x00000000a0900000, 0x00000000a0a00000, 0x00000000a0a00000|100%| O|  |TAMS 0x00000000a0a00000, 0x00000000a0900000| Untracked 
|  10|0x00000000a0a00000, 0x00000000a0b00000, 0x00000000a0b00000|100%| O|  |TAMS 0x00000000a0b00000, 0x00000000a0a00000| Untracked 
|  11|0x00000000a0b00000, 0x00000000a0c00000, 0x00000000a0c00000|100%| O|  |TAMS 0x00000000a0c00000, 0x00000000a0b00000| Untracked 
|  12|0x00000000a0c00000, 0x00000000a0d00000, 0x00000000a0d00000|100%| O|  |TAMS 0x00000000a0d00000, 0x00000000a0c00000| Untracked 
|  13|0x00000000a0d00000, 0x00000000a0e00000, 0x00000000a0e00000|100%| O|  |TAMS 0x00000000a0e00000, 0x00000000a0d00000| Untracked 
|  14|0x00000000a0e00000, 0x00000000a0f00000, 0x00000000a0f00000|100%|HS|  |TAMS 0x00000000a0f00000, 0x00000000a0e00000| Complete 
|  15|0x00000000a0f00000, 0x00000000a1000000, 0x00000000a1000000|100%| O|  |TAMS 0x00000000a1000000, 0x00000000a0f00000| Untracked 
|  16|0x00000000a1000000, 0x00000000a1100000, 0x00000000a1100000|100%| O|  |TAMS 0x00000000a1100000, 0x00000000a1000000| Untracked 
|  17|0x00000000a1100000, 0x00000000a1200000, 0x00000000a1200000|100%| O|  |TAMS 0x00000000a1200000, 0x00000000a1100000| Untracked 
|  18|0x00000000a1200000, 0x00000000a1300000, 0x00000000a1300000|100%| O|  |TAMS 0x00000000a1300000, 0x00000000a1200000| Untracked 
|  19|0x00000000a1300000, 0x00000000a1400000, 0x00000000a1400000|100%| O|  |TAMS 0x00000000a1400000, 0x00000000a1300000| Untracked 
|  20|0x00000000a1400000, 0x00000000a1500000, 0x00000000a1500000|100%| O|  |TAMS 0x00000000a1500000, 0x00000000a1400000| Untracked 
|  21|0x00000000a1500000, 0x00000000a1600000, 0x00000000a1600000|100%| O|  |TAMS 0x00000000a1600000, 0x00000000a1500000| Untracked 
|  22|0x00000000a1600000, 0x00000000a1700000, 0x00000000a1700000|100%|HS|  |TAMS 0x00000000a1700000, 0x00000000a1600000| Complete 
|  23|0x00000000a1700000, 0x00000000a1800000, 0x00000000a1800000|100%|HC|  |TAMS 0x00000000a1800000, 0x00000000a1700000| Complete 
|  24|0x00000000a1800000, 0x00000000a1900000, 0x00000000a1900000|100%|HC|  |TAMS 0x00000000a1900000, 0x00000000a1800000| Complete 
|  25|0x00000000a1900000, 0x00000000a1a00000, 0x00000000a1a00000|100%| O|  |TAMS 0x00000000a1a00000, 0x00000000a1900000| Untracked 
|  26|0x00000000a1a00000, 0x00000000a1b00000, 0x00000000a1b00000|100%|HS|  |TAMS 0x00000000a1b00000, 0x00000000a1a00000| Complete 
|  27|0x00000000a1b00000, 0x00000000a1c00000, 0x00000000a1c00000|100%|HC|  |TAMS 0x00000000a1c00000, 0x00000000a1b00000| Complete 
|  28|0x00000000a1c00000, 0x00000000a1d00000, 0x00000000a1d00000|100%| O|  |TAMS 0x00000000a1d00000, 0x00000000a1c00000| Untracked 
|  29|0x00000000a1d00000, 0x00000000a1e00000, 0x00000000a1e00000|100%| O|  |TAMS 0x00000000a1e00000, 0x00000000a1d00000| Untracked 
|  30|0x00000000a1e00000, 0x00000000a1f00000, 0x00000000a1f00000|100%| O|  |TAMS 0x00000000a1f00000, 0x00000000a1e00000| Untracked 
|  31|0x00000000a1f00000, 0x00000000a2000000, 0x00000000a2000000|100%| O|  |TAMS 0x00000000a2000000, 0x00000000a1f00000| Untracked 
|  32|0x00000000a2000000, 0x00000000a2100000, 0x00000000a2100000|100%| O|  |TAMS 0x00000000a2100000, 0x00000000a2000000| Untracked 
|  33|0x00000000a2100000, 0x00000000a2200000, 0x00000000a2200000|100%| O|  |TAMS 0x00000000a2200000, 0x00000000a2100000| Untracked 
|  34|0x00000000a2200000, 0x00000000a2300000, 0x00000000a2300000|100%| O|  |TAMS 0x00000000a2300000, 0x00000000a2200000| Untracked 
|  35|0x00000000a2300000, 0x00000000a2400000, 0x00000000a2400000|100%| O|  |TAMS 0x00000000a2400000, 0x00000000a2300000| Untracked 
|  36|0x00000000a2400000, 0x00000000a2500000, 0x00000000a2500000|100%| O|  |TAMS 0x00000000a2500000, 0x00000000a2400000| Untracked 
|  37|0x00000000a2500000, 0x00000000a2600000, 0x00000000a2600000|100%| O|  |TAMS 0x00000000a2600000, 0x00000000a2500000| Untracked 
|  38|0x00000000a2600000, 0x00000000a2700000, 0x00000000a2700000|100%| O|  |TAMS 0x00000000a2700000, 0x00000000a2600000| Untracked 
|  39|0x00000000a2700000, 0x00000000a2800000, 0x00000000a2800000|100%| O|  |TAMS 0x00000000a2800000, 0x00000000a2700000| Untracked 
|  40|0x00000000a2800000, 0x00000000a2900000, 0x00000000a2900000|100%| O|  |TAMS 0x00000000a2900000, 0x00000000a2800000| Untracked 
|  41|0x00000000a2900000, 0x00000000a2a00000, 0x00000000a2a00000|100%| O|  |TAMS 0x00000000a2a00000, 0x00000000a2900000| Untracked 
|  42|0x00000000a2a00000, 0x00000000a2b00000, 0x00000000a2b00000|100%| O|  |TAMS 0x00000000a2b00000, 0x00000000a2a00000| Untracked 
|  43|0x00000000a2b00000, 0x00000000a2c00000, 0x00000000a2c00000|100%| O|  |TAMS 0x00000000a2c00000, 0x00000000a2b00000| Untracked 
|  44|0x00000000a2c00000, 0x00000000a2d00000, 0x00000000a2d00000|100%| O|  |TAMS 0x00000000a2d00000, 0x00000000a2c00000| Untracked 
|  45|0x00000000a2d00000, 0x00000000a2e00000, 0x00000000a2e00000|100%| O|  |TAMS 0x00000000a2e00000, 0x00000000a2d00000| Untracked 
|  46|0x00000000a2e00000, 0x00000000a2f00000, 0x00000000a2f00000|100%| O|  |TAMS 0x00000000a2f00000, 0x00000000a2e00000| Untracked 
|  47|0x00000000a2f00000, 0x00000000a3000000, 0x00000000a3000000|100%| O|  |TAMS 0x00000000a3000000, 0x00000000a2f00000| Untracked 
|  48|0x00000000a3000000, 0x00000000a3100000, 0x00000000a3100000|100%| O|  |TAMS 0x00000000a3100000, 0x00000000a3000000| Untracked 
|  49|0x00000000a3100000, 0x00000000a3200000, 0x00000000a3200000|100%| O|  |TAMS 0x00000000a3200000, 0x00000000a3100000| Untracked 
|  50|0x00000000a3200000, 0x00000000a3300000, 0x00000000a3300000|100%| O|  |TAMS 0x00000000a3300000, 0x00000000a3200000| Untracked 
|  51|0x00000000a3300000, 0x00000000a3400000, 0x00000000a3400000|100%| O|  |TAMS 0x00000000a3400000, 0x00000000a3300000| Untracked 
|  52|0x00000000a3400000, 0x00000000a3500000, 0x00000000a3500000|100%| O|  |TAMS 0x00000000a3500000, 0x00000000a3400000| Untracked 
|  53|0x00000000a3500000, 0x00000000a3600000, 0x00000000a3600000|100%| O|  |TAMS 0x00000000a3600000, 0x00000000a3500000| Untracked 
|  54|0x00000000a3600000, 0x00000000a3700000, 0x00000000a3700000|100%| O|  |TAMS 0x00000000a3700000, 0x00000000a3600000| Untracked 
|  55|0x00000000a3700000, 0x00000000a3800000, 0x00000000a3800000|100%| O|  |TAMS 0x00000000a3800000, 0x00000000a3700000| Untracked 
|  56|0x00000000a3800000, 0x00000000a3900000, 0x00000000a3900000|100%| O|  |TAMS 0x00000000a3900000, 0x00000000a3800000| Untracked 
|  57|0x00000000a3900000, 0x00000000a3a00000, 0x00000000a3a00000|100%| O|  |TAMS 0x00000000a3a00000, 0x00000000a3900000| Untracked 
|  58|0x00000000a3a00000, 0x00000000a3b00000, 0x00000000a3b00000|100%| O|  |TAMS 0x00000000a3b00000, 0x00000000a3a00000| Untracked 
|  59|0x00000000a3b00000, 0x00000000a3c00000, 0x00000000a3c00000|100%| O|  |TAMS 0x00000000a3c00000, 0x00000000a3b00000| Untracked 
|  60|0x00000000a3c00000, 0x00000000a3d00000, 0x00000000a3d00000|100%| O|  |TAMS 0x00000000a3d00000, 0x00000000a3c00000| Untracked 
|  61|0x00000000a3d00000, 0x00000000a3e00000, 0x00000000a3e00000|100%| O|  |TAMS 0x00000000a3e00000, 0x00000000a3d00000| Untracked 
|  62|0x00000000a3e00000, 0x00000000a3f00000, 0x00000000a3f00000|100%| O|  |TAMS 0x00000000a3f00000, 0x00000000a3e00000| Untracked 
|  63|0x00000000a3f00000, 0x00000000a4000000, 0x00000000a4000000|100%| O|  |TAMS 0x00000000a4000000, 0x00000000a3f00000| Untracked 
|  64|0x00000000a4000000, 0x00000000a40e7e00, 0x00000000a4100000| 90%| O|  |TAMS 0x00000000a40e7e00, 0x00000000a4000000| Untracked 
|  65|0x00000000a4100000, 0x00000000a4100000, 0x00000000a4200000|  0%| F|  |TAMS 0x00000000a4100000, 0x00000000a4100000| Untracked 
|  66|0x00000000a4200000, 0x00000000a4200000, 0x00000000a4300000|  0%| F|  |TAMS 0x00000000a4200000, 0x00000000a4200000| Untracked 
|  67|0x00000000a4300000, 0x00000000a4300000, 0x00000000a4400000|  0%| F|  |TAMS 0x00000000a4300000, 0x00000000a4300000| Untracked 
|  68|0x00000000a4400000, 0x00000000a4400000, 0x00000000a4500000|  0%| F|  |TAMS 0x00000000a4400000, 0x00000000a4400000| Untracked 
|  69|0x00000000a4500000, 0x00000000a4500000, 0x00000000a4600000|  0%| F|  |TAMS 0x00000000a4500000, 0x00000000a4500000| Untracked 
|  70|0x00000000a4600000, 0x00000000a4600000, 0x00000000a4700000|  0%| F|  |TAMS 0x00000000a4600000, 0x00000000a4600000| Untracked 
|  71|0x00000000a4700000, 0x00000000a4700000, 0x00000000a4800000|  0%| F|  |TAMS 0x00000000a4700000, 0x00000000a4700000| Untracked 
|  72|0x00000000a4800000, 0x00000000a4800000, 0x00000000a4900000|  0%| F|  |TAMS 0x00000000a4800000, 0x00000000a4800000| Untracked 
|  73|0x00000000a4900000, 0x00000000a4900000, 0x00000000a4a00000|  0%| F|  |TAMS 0x00000000a4900000, 0x00000000a4900000| Untracked 
|  74|0x00000000a4a00000, 0x00000000a4a00000, 0x00000000a4b00000|  0%| F|  |TAMS 0x00000000a4a00000, 0x00000000a4a00000| Untracked 
|  75|0x00000000a4b00000, 0x00000000a4b00000, 0x00000000a4c00000|  0%| F|  |TAMS 0x00000000a4b00000, 0x00000000a4b00000| Untracked 
|  76|0x00000000a4c00000, 0x00000000a4c00000, 0x00000000a4d00000|  0%| F|  |TAMS 0x00000000a4c00000, 0x00000000a4c00000| Untracked 
|  77|0x00000000a4d00000, 0x00000000a4d00000, 0x00000000a4e00000|  0%| F|  |TAMS 0x00000000a4d00000, 0x00000000a4d00000| Untracked 
|  78|0x00000000a4e00000, 0x00000000a4e00000, 0x00000000a4f00000|  0%| F|  |TAMS 0x00000000a4e00000, 0x00000000a4e00000| Untracked 
|  79|0x00000000a4f00000, 0x00000000a4f00000, 0x00000000a5000000|  0%| F|  |TAMS 0x00000000a4f00000, 0x00000000a4f00000| Untracked 
|  80|0x00000000a5000000, 0x00000000a5000000, 0x00000000a5100000|  0%| F|  |TAMS 0x00000000a5000000, 0x00000000a5000000| Untracked 
|  81|0x00000000a5100000, 0x00000000a5100000, 0x00000000a5200000|  0%| F|  |TAMS 0x00000000a5100000, 0x00000000a5100000| Untracked 
|  82|0x00000000a5200000, 0x00000000a5200000, 0x00000000a5300000|  0%| F|  |TAMS 0x00000000a5200000, 0x00000000a5200000| Untracked 
|  83|0x00000000a5300000, 0x00000000a5300000, 0x00000000a5400000|  0%| F|  |TAMS 0x00000000a5300000, 0x00000000a5300000| Untracked 
|  84|0x00000000a5400000, 0x00000000a54c5a78, 0x00000000a5500000| 77%| S|CS|TAMS 0x00000000a5400000, 0x00000000a5400000| Complete 
|  85|0x00000000a5500000, 0x00000000a5600000, 0x00000000a5600000|100%| S|CS|TAMS 0x00000000a5500000, 0x00000000a5500000| Complete 
|  86|0x00000000a5600000, 0x00000000a5700000, 0x00000000a5700000|100%| S|CS|TAMS 0x00000000a5600000, 0x00000000a5600000| Complete 
|  87|0x00000000a5700000, 0x00000000a5800000, 0x00000000a5800000|100%| S|CS|TAMS 0x00000000a5700000, 0x00000000a5700000| Complete 
|  88|0x00000000a5800000, 0x00000000a5800000, 0x00000000a5900000|  0%| F|  |TAMS 0x00000000a5800000, 0x00000000a5800000| Untracked 
|  89|0x00000000a5900000, 0x00000000a5900000, 0x00000000a5a00000|  0%| F|  |TAMS 0x00000000a5900000, 0x00000000a5900000| Untracked 
|  90|0x00000000a5a00000, 0x00000000a5a00000, 0x00000000a5b00000|  0%| F|  |TAMS 0x00000000a5a00000, 0x00000000a5a00000| Untracked 
|  91|0x00000000a5b00000, 0x00000000a5b00000, 0x00000000a5c00000|  0%| F|  |TAMS 0x00000000a5b00000, 0x00000000a5b00000| Untracked 
|  92|0x00000000a5c00000, 0x00000000a5c00000, 0x00000000a5d00000|  0%| F|  |TAMS 0x00000000a5c00000, 0x00000000a5c00000| Untracked 
|  93|0x00000000a5d00000, 0x00000000a5d00000, 0x00000000a5e00000|  0%| F|  |TAMS 0x00000000a5d00000, 0x00000000a5d00000| Untracked 
|  94|0x00000000a5e00000, 0x00000000a5e00000, 0x00000000a5f00000|  0%| F|  |TAMS 0x00000000a5e00000, 0x00000000a5e00000| Untracked 
|  95|0x00000000a5f00000, 0x00000000a5f00000, 0x00000000a6000000|  0%| F|  |TAMS 0x00000000a5f00000, 0x00000000a5f00000| Untracked 
|  96|0x00000000a6000000, 0x00000000a6000000, 0x00000000a6100000|  0%| F|  |TAMS 0x00000000a6000000, 0x00000000a6000000| Untracked 
|  97|0x00000000a6100000, 0x00000000a6100000, 0x00000000a6200000|  0%| F|  |TAMS 0x00000000a6100000, 0x00000000a6100000| Untracked 
|  98|0x00000000a6200000, 0x00000000a6200000, 0x00000000a6300000|  0%| F|  |TAMS 0x00000000a6200000, 0x00000000a6200000| Untracked 
|  99|0x00000000a6300000, 0x00000000a6300000, 0x00000000a6400000|  0%| F|  |TAMS 0x00000000a6300000, 0x00000000a6300000| Untracked 
| 100|0x00000000a6400000, 0x00000000a6400000, 0x00000000a6500000|  0%| F|  |TAMS 0x00000000a6400000, 0x00000000a6400000| Untracked 
| 101|0x00000000a6500000, 0x00000000a6500000, 0x00000000a6600000|  0%| F|  |TAMS 0x00000000a6500000, 0x00000000a6500000| Untracked 
| 102|0x00000000a6600000, 0x00000000a6600000, 0x00000000a6700000|  0%| F|  |TAMS 0x00000000a6600000, 0x00000000a6600000| Untracked 
| 103|0x00000000a6700000, 0x00000000a6700000, 0x00000000a6800000|  0%| F|  |TAMS 0x00000000a6700000, 0x00000000a6700000| Untracked 
| 104|0x00000000a6800000, 0x00000000a6800000, 0x00000000a6900000|  0%| F|  |TAMS 0x00000000a6800000, 0x00000000a6800000| Untracked 
| 105|0x00000000a6900000, 0x00000000a6900000, 0x00000000a6a00000|  0%| F|  |TAMS 0x00000000a6900000, 0x00000000a6900000| Untracked 
| 106|0x00000000a6a00000, 0x00000000a6a00000, 0x00000000a6b00000|  0%| F|  |TAMS 0x00000000a6a00000, 0x00000000a6a00000| Untracked 
| 107|0x00000000a6b00000, 0x00000000a6b00000, 0x00000000a6c00000|  0%| F|  |TAMS 0x00000000a6b00000, 0x00000000a6b00000| Untracked 
| 108|0x00000000a6c00000, 0x00000000a6c00000, 0x00000000a6d00000|  0%| F|  |TAMS 0x00000000a6c00000, 0x00000000a6c00000| Untracked 
| 109|0x00000000a6d00000, 0x00000000a6d64d40, 0x00000000a6e00000| 39%| E|  |TAMS 0x00000000a6d00000, 0x00000000a6d00000| Complete 
| 110|0x00000000a6e00000, 0x00000000a6f00000, 0x00000000a6f00000|100%| E|CS|TAMS 0x00000000a6e00000, 0x00000000a6e00000| Complete 
| 111|0x00000000a6f00000, 0x00000000a7000000, 0x00000000a7000000|100%| E|CS|TAMS 0x00000000a6f00000, 0x00000000a6f00000| Complete 
| 112|0x00000000a7000000, 0x00000000a7100000, 0x00000000a7100000|100%| E|CS|TAMS 0x00000000a7000000, 0x00000000a7000000| Complete 
| 113|0x00000000a7100000, 0x00000000a7200000, 0x00000000a7200000|100%| E|CS|TAMS 0x00000000a7100000, 0x00000000a7100000| Complete 
| 114|0x00000000a7200000, 0x00000000a7300000, 0x00000000a7300000|100%| E|  |TAMS 0x00000000a7200000, 0x00000000a7200000| Complete 
| 115|0x00000000a7300000, 0x00000000a7400000, 0x00000000a7400000|100%| E|CS|TAMS 0x00000000a7300000, 0x00000000a7300000| Complete 
| 116|0x00000000a7400000, 0x00000000a7500000, 0x00000000a7500000|100%| E|CS|TAMS 0x00000000a7400000, 0x00000000a7400000| Complete 
| 117|0x00000000a7500000, 0x00000000a7600000, 0x00000000a7600000|100%| E|CS|TAMS 0x00000000a7500000, 0x00000000a7500000| Complete 
| 118|0x00000000a7600000, 0x00000000a7700000, 0x00000000a7700000|100%| E|CS|TAMS 0x00000000a7600000, 0x00000000a7600000| Complete 
| 119|0x00000000a7700000, 0x00000000a7800000, 0x00000000a7800000|100%| E|CS|TAMS 0x00000000a7700000, 0x00000000a7700000| Complete 
| 120|0x00000000a7800000, 0x00000000a7900000, 0x00000000a7900000|100%| E|CS|TAMS 0x00000000a7800000, 0x00000000a7800000| Complete 
| 121|0x00000000a7900000, 0x00000000a7a00000, 0x00000000a7a00000|100%| E|CS|TAMS 0x00000000a7900000, 0x00000000a7900000| Complete 
| 122|0x00000000a7a00000, 0x00000000a7b00000, 0x00000000a7b00000|100%| E|CS|TAMS 0x00000000a7a00000, 0x00000000a7a00000| Complete 
| 123|0x00000000a7b00000, 0x00000000a7c00000, 0x00000000a7c00000|100%| E|CS|TAMS 0x00000000a7b00000, 0x00000000a7b00000| Complete 
| 124|0x00000000a7c00000, 0x00000000a7d00000, 0x00000000a7d00000|100%| E|CS|TAMS 0x00000000a7c00000, 0x00000000a7c00000| Complete 
| 125|0x00000000a7d00000, 0x00000000a7e00000, 0x00000000a7e00000|100%| E|CS|TAMS 0x00000000a7d00000, 0x00000000a7d00000| Complete 
| 126|0x00000000a7e00000, 0x00000000a7f00000, 0x00000000a7f00000|100%| E|CS|TAMS 0x00000000a7e00000, 0x00000000a7e00000| Complete 
| 127|0x00000000a7f00000, 0x00000000a8000000, 0x00000000a8000000|100%| E|CS|TAMS 0x00000000a7f00000, 0x00000000a7f00000| Complete 

Card table byte_map: [0x0000026b98480000,0x0000026b98780000] _byte_map_base: 0x0000026b97f80000

Marking Bits (Prev, Next): (CMBitMap*) 0x0000026b85836f10, (CMBitMap*) 0x0000026b85836ed8
 Prev Bits: [0x0000026b9a280000, 0x0000026b9ba80000)
 Next Bits: [0x0000026b98a80000, 0x0000026b9a280000)

Polling page: 0x0000026b836c0000

Metaspace:

Usage:
  Non-class:     69.78 MB capacity,    68.40 MB ( 98%) used,     1.19 MB (  2%) free+waste,   204.13 KB ( <1%) overhead. 
      Class:     10.89 MB capacity,    10.05 MB ( 92%) used,   764.21 KB (  7%) free+waste,    95.38 KB ( <1%) overhead. 
       Both:     80.67 MB capacity,    78.44 MB ( 97%) used,     1.94 MB (  2%) free+waste,   299.50 KB ( <1%) overhead. 

Virtual space:
  Non-class space:       70.00 MB reserved,      70.00 MB (100%) committed 
      Class space:        1.00 GB reserved,      11.00 MB (  1%) committed 
             Both:        1.07 GB reserved,      81.00 MB (  7%) committed 

Chunk freelists:
   Non-Class:  29.00 KB
       Class:  0 bytes
        Both:  29.00 KB

MaxMetaspaceSize: 17179869184.00 GB
CompressedClassSpaceSize: 1.00 GB

CodeHeap 'non-profiled nmethods': size=120064Kb used=4943Kb max_used=5160Kb free=115120Kb
 bounds [0x0000026b90c40000, 0x0000026b91150000, 0x0000026b98180000]
CodeHeap 'profiled nmethods': size=120000Kb used=16949Kb max_used=18280Kb free=103050Kb
 bounds [0x0000026b89710000, 0x0000026b8a900000, 0x0000026b90c40000]
CodeHeap 'non-nmethods': size=5696Kb used=2258Kb max_used=2312Kb free=3437Kb
 bounds [0x0000026b89180000, 0x0000026b893f0000, 0x0000026b89710000]
 total_blobs=8990 nmethods=8138 adapters=763
 compilation: enabled
              stopped_count=0, restarted_count=0
 full_count=0

Compilation events (20 events):
Event: 605.830 Thread 0x0000026b9df90000 9319   !   3       java.nio.DirectByteBuffer::put (151 bytes)
Event: 605.830 Thread 0x0000026b9df8d000 9322       4       org.gradle.internal.logging.text.StreamingStyledTextOutput::doAppend (11 bytes)
Event: 605.831 Thread 0x0000026b9df90000 nmethod 9319 0x0000026b89b26d10 code [0x0000026b89b27040, 0x0000026b89b27fa8]
Event: 605.831 Thread 0x0000026b9df90000 9320       3       java.nio.MappedByteBuffer::flip (7 bytes)
Event: 605.831 Thread 0x0000026b9df90000 nmethod 9320 0x0000026b89ad9990 code [0x0000026b89ad9b40, 0x0000026b89ad9d18]
Event: 605.831 Thread 0x0000026b9df90000 9321       3       sun.nio.ch.SocketChannelImpl::ensureOpenAndConnected (32 bytes)
Event: 605.832 Thread 0x0000026b9df90000 nmethod 9321 0x0000026b89b18a10 code [0x0000026b89b18be0, 0x0000026b89b18e98]
Event: 605.832 Thread 0x0000026b9df90000 9323       3       org.gradle.launcher.daemon.server.exec.LogToClient$AsynchronousLogDispatcher$1::isMatchingBuildLogLevel (27 bytes)
Event: 605.832 Thread 0x0000026b9df90000 nmethod 9323 0x0000026b89b19c90 code [0x0000026b89b19e80, 0x0000026b89b1a1e8]
Event: 605.832 Thread 0x0000026b9df90000 9324       3       java.nio.charset.CharsetDecoder::onMalformedInput (26 bytes)
Event: 605.833 Thread 0x0000026b9df90000 nmethod 9324 0x0000026b89b19690 code [0x0000026b89b19860, 0x0000026b89b19ba8]
Event: 605.833 Thread 0x0000026b9df90000 9325       3       java.nio.charset.CharsetDecoder::implOnMalformedInput (1 bytes)
Event: 605.833 Thread 0x0000026b9df90000 nmethod 9325 0x0000026b89999910 code [0x0000026b89999ac0, 0x0000026b89999bb8]
Event: 605.833 Thread 0x0000026b9df90000 9326       3       java.nio.charset.CharsetDecoder::onUnmappableCharacter (26 bytes)
Event: 605.833 Thread 0x0000026b9df90000 nmethod 9326 0x0000026b89b1ab10 code [0x0000026b89b1ace0, 0x0000026b89b1b028]
Event: 605.833 Thread 0x0000026b9df90000 9327       3       org.gradle.launcher.daemon.server.exec.LogToClient$AsynchronousLogDispatcher::submit (12 bytes)
Event: 605.833 Thread 0x0000026b9df90000 nmethod 9327 0x0000026b89b1ba90 code [0x0000026b89b1bc40, 0x0000026b89b1be08]
Event: 605.833 Thread 0x0000026b9df90000 9328       1       org.gradle.internal.logging.source.PrintStreamLoggingSystem::access$000 (5 bytes)
Event: 605.833 Thread 0x0000026b9df90000 nmethod 9328 0x0000026b90e26b90 code [0x0000026b90e26d40, 0x0000026b90e26dd8]
Event: 605.850 Thread 0x0000026b9df90000 9329       3       org.gradle.workers.internal.WorkerDaemonClientsManager$LogLevelChangeEventListener::onOutput (25 bytes)

GC Heap History (20 events):
Event: 20.780 GC heap before
{Heap before GC invocations=12 (full 0):
 garbage-first heap   total 131072K, used 99090K [0x00000000a0000000, 0x0000000100000000)
  region size 1024K, 69 young (70656K), 10 survivors (10240K)
 Metaspace       used 52211K, capacity 53384K, committed 53504K, reserved 1095680K
  class space    used 6646K, capacity 7054K, committed 7168K, reserved 1048576K
}
Event: 20.796 GC heap after
{Heap after GC invocations=13 (full 0):
 garbage-first heap   total 131072K, used 42230K [0x00000000a0000000, 0x0000000100000000)
  region size 1024K, 4 young (4096K), 4 survivors (4096K)
 Metaspace       used 52211K, capacity 53384K, committed 53504K, reserved 1095680K
  class space    used 6646K, capacity 7054K, committed 7168K, reserved 1048576K
}
Event: 27.737 GC heap before
{Heap before GC invocations=13 (full 0):
 garbage-first heap   total 131072K, used 99574K [0x00000000a0000000, 0x0000000100000000)
  region size 1024K, 60 young (61440K), 4 survivors (4096K)
 Metaspace       used 58987K, capacity 60261K, committed 60416K, reserved 1101824K
  class space    used 7437K, capacity 7884K, committed 7936K, reserved 1048576K
}
Event: 27.747 GC heap after
{Heap after GC invocations=14 (full 0):
 garbage-first heap   total 131072K, used 45743K [0x00000000a0000000, 0x0000000100000000)
  region size 1024K, 8 young (8192K), 8 survivors (8192K)
 Metaspace       used 58987K, capacity 60261K, committed 60416K, reserved 1101824K
  class space    used 7437K, capacity 7884K, committed 7936K, reserved 1048576K
}
Event: 28.631 GC heap before
{Heap before GC invocations=14 (full 0):
 garbage-first heap   total 131072K, used 100015K [0x00000000a0000000, 0x0000000100000000)
  region size 1024K, 62 young (63488K), 8 survivors (8192K)
 Metaspace       used 60551K, capacity 62032K, committed 62208K, reserved 1103872K
  class space    used 7649K, capacity 8151K, committed 8192K, reserved 1048576K
}
Event: 28.648 GC heap after
{Heap after GC invocations=15 (full 0):
 garbage-first heap   total 131072K, used 49629K [0x00000000a0000000, 0x0000000100000000)
  region size 1024K, 8 young (8192K), 8 survivors (8192K)
 Metaspace       used 60551K, capacity 62032K, committed 62208K, reserved 1103872K
  class space    used 7649K, capacity 8151K, committed 8192K, reserved 1048576K
}
Event: 30.006 GC heap before
{Heap before GC invocations=15 (full 0):
 garbage-first heap   total 131072K, used 102877K [0x00000000a0000000, 0x0000000100000000)
  region size 1024K, 60 young (61440K), 8 survivors (8192K)
 Metaspace       used 64407K, capacity 65993K, committed 66304K, reserved 1105920K
  class space    used 8283K, capacity 8877K, committed 8960K, reserved 1048576K
}
Event: 30.027 GC heap after
{Heap after GC invocations=16 (full 0):
 garbage-first heap   total 131072K, used 53764K [0x00000000a0000000, 0x0000000100000000)
  region size 1024K, 8 young (8192K), 8 survivors (8192K)
 Metaspace       used 64407K, capacity 65993K, committed 66304K, reserved 1105920K
  class space    used 8283K, capacity 8877K, committed 8960K, reserved 1048576K
}
Event: 30.867 GC heap before
{Heap before GC invocations=16 (full 0):
 garbage-first heap   total 131072K, used 103940K [0x00000000a0000000, 0x0000000100000000)
  region size 1024K, 57 young (58368K), 8 survivors (8192K)
 Metaspace       used 67222K, capacity 68810K, committed 68992K, reserved 1110016K
  class space    used 8696K, capacity 9257K, committed 9344K, reserved 1048576K
}
Event: 30.884 GC heap after
{Heap after GC invocations=17 (full 0):
 garbage-first heap   total 131072K, used 57835K [0x00000000a0000000, 0x0000000100000000)
  region size 1024K, 8 young (8192K), 8 survivors (8192K)
 Metaspace       used 67222K, capacity 68810K, committed 68992K, reserved 1110016K
  class space    used 8696K, capacity 9257K, committed 9344K, reserved 1048576K
}
Event: 31.353 GC heap before
{Heap before GC invocations=17 (full 0):
 garbage-first heap   total 131072K, used 89579K [0x00000000a0000000, 0x0000000100000000)
  region size 1024K, 40 young (40960K), 8 survivors (8192K)
 Metaspace       used 68437K, capacity 70318K, committed 70400K, reserved 1110016K
  class space    used 8898K, capacity 9599K, committed 9600K, reserved 1048576K
}
Event: 31.376 GC heap after
{Heap after GC invocations=18 (full 0):
 garbage-first heap   total 131072K, used 61547K [0x00000000a0000000, 0x0000000100000000)
  region size 1024K, 4 young (4096K), 4 survivors (4096K)
 Metaspace       used 68437K, capacity 70318K, committed 70400K, reserved 1110016K
  class space    used 8898K, capacity 9599K, committed 9600K, reserved 1048576K
}
Event: 32.550 GC heap before
{Heap before GC invocations=19 (full 0):
 garbage-first heap   total 131072K, used 101483K [0x00000000a0000000, 0x0000000100000000)
  region size 1024K, 43 young (44032K), 4 survivors (4096K)
 Metaspace       used 72134K, capacity 74062K, committed 74240K, reserved 1114112K
  class space    used 9476K, capacity 10217K, committed 10240K, reserved 1048576K
}
Event: 32.562 GC heap after
{Heap after GC invocations=20 (full 0):
 garbage-first heap   total 131072K, used 62821K [0x00000000a0000000, 0x0000000100000000)
  region size 1024K, 5 young (5120K), 5 survivors (5120K)
 Metaspace       used 72134K, capacity 74062K, committed 74240K, reserved 1114112K
  class space    used 9476K, capacity 10217K, committed 10240K, reserved 1048576K
}
Event: 34.823 GC heap before
{Heap before GC invocations=20 (full 0):
 garbage-first heap   total 131072K, used 103781K [0x00000000a0000000, 0x0000000100000000)
  region size 1024K, 45 young (46080K), 5 survivors (5120K)
 Metaspace       used 74793K, capacity 76738K, committed 77056K, reserved 1116160K
  class space    used 9837K, capacity 10631K, committed 10752K, reserved 1048576K
}
Event: 34.840 GC heap after
{Heap after GC invocations=21 (full 0):
 garbage-first heap   total 131072K, used 66980K [0x00000000a0000000, 0x0000000100000000)
  region size 1024K, 6 young (6144K), 6 survivors (6144K)
 Metaspace       used 74793K, capacity 76738K, committed 77056K, reserved 1116160K
  class space    used 9837K, capacity 10631K, committed 10752K, reserved 1048576K
}
Event: 212.081 GC heap before
{Heap before GC invocations=21 (full 0):
 garbage-first heap   total 131072K, used 104868K [0x00000000a0000000, 0x0000000100000000)
  region size 1024K, 44 young (45056K), 6 survivors (6144K)
 Metaspace       used 79429K, capacity 81687K, committed 81792K, reserved 1120256K
  class space    used 10272K, capacity 11117K, committed 11136K, reserved 1048576K
}
Event: 212.099 GC heap after
{Heap after GC invocations=22 (full 0):
 garbage-first heap   total 131072K, used 68022K [0x00000000a0000000, 0x0000000100000000)
  region size 1024K, 2 young (2048K), 2 survivors (2048K)
 Metaspace       used 79429K, capacity 81687K, committed 81792K, reserved 1120256K
  class space    used 10272K, capacity 11117K, committed 11136K, reserved 1048576K
}
Event: 590.146 GC heap before
{Heap before GC invocations=23 (full 0):
 garbage-first heap   total 131072K, used 106934K [0x00000000a0000000, 0x0000000100000000)
  region size 1024K, 40 young (40960K), 2 survivors (2048K)
 Metaspace       used 80041K, capacity 82411K, committed 82688K, reserved 1120256K
  class space    used 10283K, capacity 11137K, committed 11264K, reserved 1048576K
}
Event: 590.155 GC heap after
{Heap after GC invocations=24 (full 0):
 garbage-first heap   total 131072K, used 70326K [0x00000000a0000000, 0x0000000100000000)
  region size 1024K, 4 young (4096K), 4 survivors (4096K)
 Metaspace       used 80041K, capacity 82411K, committed 82688K, reserved 1120256K
  class space    used 10283K, capacity 11137K, committed 11264K, reserved 1048576K
}

Deoptimization events (20 events):
Event: 590.761 Thread 0x0000026ba2ecc800 DEOPT PACKING pc=0x0000026b8a6b68f9 sp=0x00000079d5afa3e0
Event: 590.761 Thread 0x0000026ba2ecc800 DEOPT UNPACKING pc=0x0000026b891a72ce sp=0x00000079d5af9880 mode 0
Event: 590.761 Thread 0x0000026ba2ecc800 DEOPT PACKING pc=0x0000026b8a6b68f9 sp=0x00000079d5afa3e0
Event: 590.761 Thread 0x0000026ba2ecc800 DEOPT UNPACKING pc=0x0000026b891a72ce sp=0x00000079d5af9880 mode 0
Event: 590.927 Thread 0x0000026ba2ecc800 Uncommon trap: trap_request=0xffffffd6 fr.pc=0x0000026b90cae978 relative=0x0000000000001098
Event: 590.927 Thread 0x0000026ba2ecc800 Uncommon trap: reason=array_check action=maybe_recompile pc=0x0000026b90cae978 method=java.util.ComparableTimSort.binarySort([Ljava/lang/Object;III)V @ 183 c2
Event: 590.927 Thread 0x0000026ba2ecc800 DEOPT PACKING pc=0x0000026b90cae978 sp=0x00000079d5afa0f0
Event: 590.927 Thread 0x0000026ba2ecc800 DEOPT UNPACKING pc=0x0000026b891a74af sp=0x00000079d5afa0b0 mode 2
Event: 590.929 Thread 0x0000026ba2ecc800 Uncommon trap: trap_request=0xffffffd6 fr.pc=0x0000026b90cae978 relative=0x0000000000001098
Event: 590.929 Thread 0x0000026ba2ecc800 Uncommon trap: reason=array_check action=maybe_recompile pc=0x0000026b90cae978 method=java.util.ComparableTimSort.binarySort([Ljava/lang/Object;III)V @ 183 c2
Event: 590.929 Thread 0x0000026ba2ecc800 DEOPT PACKING pc=0x0000026b90cae978 sp=0x00000079d5afa070
Event: 590.929 Thread 0x0000026ba2ecc800 DEOPT UNPACKING pc=0x0000026b891a74af sp=0x00000079d5afa030 mode 2
Event: 590.993 Thread 0x0000026ba463f000 DEOPT PACKING pc=0x0000026b8a45143b sp=0x00000079ddffc540
Event: 590.993 Thread 0x0000026ba463f000 DEOPT UNPACKING pc=0x0000026b891a72ce sp=0x00000079ddffba80 mode 0
Event: 591.000 Thread 0x0000026ba463f000 Uncommon trap: trap_request=0xffffff4d fr.pc=0x0000026b90c8d828 relative=0x0000000000000468
Event: 591.000 Thread 0x0000026ba463f000 Uncommon trap: reason=unstable_if action=reinterpret pc=0x0000026b90c8d828 method=java.lang.StringLatin1.compareToCI([B[B)I @ 68 c2
Event: 591.000 Thread 0x0000026ba463f000 DEOPT PACKING pc=0x0000026b90c8d828 sp=0x00000079ddffbc40
Event: 591.000 Thread 0x0000026ba463f000 DEOPT UNPACKING pc=0x0000026b891a74af sp=0x00000079ddffbbb8 mode 2
Event: 591.061 Thread 0x0000026ba463f000 DEOPT PACKING pc=0x0000026b8a45143b sp=0x00000079ddffb160
Event: 591.061 Thread 0x0000026ba463f000 DEOPT UNPACKING pc=0x0000026b891a72ce sp=0x00000079ddffa6a0 mode 0

Classes redefined (0 events):
No events

Internal exceptions (20 events):
Event: 35.492 Thread 0x0000026b9fbb3000 Exception <a 'java/lang/ClassNotFoundException'{0x00000000a70f3520}: org/gradle/internal/logging/compatbridge/LoggingManagerInternalCompatibilityBridgeBeanInfo> (0x00000000a70f3520) thrown at [./src/hotspot/share/classfile/systemDictionary.cpp, line 231]
Event: 35.493 Thread 0x0000026b9fbb3000 Exception <a 'java/lang/ClassNotFoundException'{0x00000000a6f28518}: org/gradle/internal/logging/compatbridge/LoggingManagerInternalCompatibilityBridgeCustomizer> (0x00000000a6f28518) thrown at [./src/hotspot/share/classfile/systemDictionary.cpp, line 231]
Event: 35.541 Thread 0x0000026ba3dff800 Exception <a 'java/lang/NoSuchMethodError'{0x00000000a6e0cbe0}: 'void java.lang.invoke.DirectMethodHandle$Holder.invokeStatic(java.lang.Object, long)'> (0x00000000a6e0cbe0) thrown at [./src/hotspot/share/interpreter/linkResolver.cpp, line 773]
Event: 35.541 Thread 0x0000026ba3dff800 Exception <a 'java/lang/NoSuchMethodError'{0x00000000a6e12050}: 'java.lang.Object java.lang.invoke.DirectMethodHandle$Holder.invokeStatic(java.lang.Object, long)'> (0x00000000a6e12050) thrown at [./src/hotspot/share/interpreter/linkResolver.cpp, line 773]
Event: 35.547 Thread 0x0000026ba3dff800 Exception <a 'java/lang/NoSuchMethodError'{0x00000000a6e20328}: 'java.lang.Object java.lang.invoke.DirectMethodHandle$Holder.invokeStaticInit(java.lang.Object, java.lang.Object, long, java.lang.Object)'> (0x00000000a6e20328) thrown at [./src/hotspot/share/interpreter/linkResolver.cpp, line 773]
Event: 35.548 Thread 0x0000026ba3dff800 Exception <a 'java/lang/NoSuchMethodError'{0x00000000a6e26218}: 'java.lang.Object java.lang.invoke.DirectMethodHandle$Holder.invokeStatic(java.lang.Object, java.lang.Object, long)'> (0x00000000a6e26218) thrown at [./src/hotspot/share/interpreter/linkResolver.cpp, line 773]
Event: 35.548 Thread 0x0000026ba3dff800 Exception <a 'java/lang/NoSuchMethodError'{0x00000000a6e2c4e8}: 'java.lang.Object java.lang.invoke.Invokers$Holder.linkToTargetMethod(java.lang.Object, long, java.lang.Object)'> (0x00000000a6e2c4e8) thrown at [./src/hotspot/share/interpreter/linkResolver.cpp, line 773]
Event: 45.715 Thread 0x0000026ba2ed1800 Exception <a 'java/lang/NoSuchMethodError'{0x00000000a6ebff30}: 'int java.lang.invoke.DirectMethodHandle$Holder.invokeVirtual(java.lang.Object, java.lang.Object)'> (0x00000000a6ebff30) thrown at [./src/hotspot/share/interpreter/linkResolver.cpp, line 773]
Event: 59.073 Thread 0x0000026b9fbb3000 Exception <a 'java/lang/reflect/InvocationTargetException'{0x00000000a6f98a28}> (0x00000000a6f98a28) thrown at [./src/hotspot/share/runtime/reflection.cpp, line 1247]
Event: 59.179 Thread 0x0000026b9fbb3000 Exception <a 'java/lang/NoSuchMethodError'{0x00000000a6c29838}: 'void java.lang.invoke.DirectMethodHandle$Holder.invokeInterface(java.lang.Object, java.lang.Object)'> (0x00000000a6c29838) thrown at [./src/hotspot/share/interpreter/linkResolver.cpp, line 773]
Event: 59.623 Thread 0x0000026b9fbb3000 Exception <a 'java/lang/NoSuchMethodError'{0x00000000a6cf1ff8}: 'java.lang.Object java.lang.invoke.DirectMethodHandle$Holder.invokeSpecial(java.lang.Object, java.lang.Object, java.lang.Object, int, int, java.lang.Object, java.lang.Object)'> (0x00000000a6cf1ff8) thrown at [./src/hotspot/share/interpreter/linkResolver.cpp, line 773]
Event: 59.624 Thread 0x0000026b9fbb3000 Exception <a 'java/lang/NoSuchMethodError'{0x00000000a6cfb160}: 'java.lang.Object java.lang.invoke.DirectMethodHandle$Holder.invokeStatic(java.lang.Object, java.lang.Object, java.lang.Object, int, int, java.lang.Object)'> (0x00000000a6cfb160) thrown at [./src/hotspot/share/interpreter/linkResolver.cpp, line 773]
Event: 59.624 Thread 0x0000026b9fbb3000 Exception <a 'java/lang/NoSuchMethodError'{0x00000000a6cfee80}: 'java.lang.Object java.lang.invoke.DirectMethodHandle$Holder.invokeSpecial(java.lang.Object, java.lang.Object, java.lang.Object, java.lang.Object, int, int, java.lang.Object)'> (0x00000000a6cfee80) thrown at [./src/hotspot/share/interpreter/linkResolver.cpp, line 773]
Event: 59.624 Thread 0x0000026b9fbb3000 Exception <a 'java/lang/NoSuchMethodError'{0x00000000a6a6bf60}: 'java.lang.Object java.lang.invoke.Invokers$Holder.linkToTargetMethod(java.lang.Object, java.lang.Object, int, int, java.lang.Object, java.lang.Object)'> (0x00000000a6a6bf60) thrown at [./src/hotspot/share/interpreter/linkResolver.cpp, line 773]
Event: 59.806 Thread 0x0000026b9f685800 Exception <a 'java/lang/NoSuchMethodError'{0x00000000a6536920}: <clinit>> (0x00000000a6536920) thrown at [./src/hotspot/share/prims/jni.cpp, line 1362]
Event: 59.808 Thread 0x0000026b9f685800 Exception <a 'java/lang/NoSuchMethodError'{0x00000000a654f008}: <clinit>> (0x00000000a654f008) thrown at [./src/hotspot/share/prims/jni.cpp, line 1362]
Event: 59.808 Thread 0x0000026b9f685800 Exception <a 'java/lang/NoSuchMethodError'{0x00000000a65506f0}: <clinit>> (0x00000000a65506f0) thrown at [./src/hotspot/share/prims/jni.cpp, line 1362]
Event: 59.812 Thread 0x0000026b9f685800 Exception <a 'java/lang/NoSuchMethodError'{0x00000000a6562858}: <clinit>> (0x00000000a6562858) thrown at [./src/hotspot/share/prims/jni.cpp, line 1362]
Event: 59.814 Thread 0x0000026b9f685800 Exception <a 'java/lang/NoSuchMethodError'{0x00000000a656e9a8}: <clinit>> (0x00000000a656e9a8) thrown at [./src/hotspot/share/prims/jni.cpp, line 1362]
Event: 590.386 Thread 0x0000026ba2ecc800 Exception <a 'sun/nio/fs/WindowsException'{0x00000000a7981e40}> (0x00000000a7981e40) thrown at [./src/hotspot/share/prims/jni.cpp, line 615]

Events (20 events):
Event: 590.959 Executing VM operation: RevokeBias
Event: 590.962 Executing VM operation: RevokeBias done
Event: 590.966 Executing VM operation: RevokeBias
Event: 590.966 Executing VM operation: RevokeBias done
Event: 590.966 Executing VM operation: RevokeBias
Event: 590.966 Executing VM operation: RevokeBias done
Event: 590.967 Executing VM operation: RevokeBias
Event: 590.967 Executing VM operation: RevokeBias done
Event: 590.967 Executing VM operation: RevokeBias
Event: 590.967 Executing VM operation: RevokeBias done
Event: 590.991 Executing VM operation: RevokeBias
Event: 590.991 Executing VM operation: RevokeBias done
Event: 590.991 Executing VM operation: RevokeBias
Event: 590.992 Executing VM operation: RevokeBias done
Event: 590.992 Executing VM operation: RevokeBias
Event: 590.992 Executing VM operation: RevokeBias done
Event: 591.681 Thread 0x0000026ba3e8a800 Thread exited: 0x0000026ba3e8a800
Event: 591.687 Thread 0x0000026ba4641800 Thread added: 0x0000026ba4641800
Event: 591.697 Thread 0x0000026ba4642000 Thread added: 0x0000026ba4642000
Event: 591.697 Thread 0x0000026ba4493000 Thread added: 0x0000026ba4493000


Dynamic libraries:
0x00007ff632900000 - 0x00007ff63290a000 	C:\Program Files\Android\Android Studio\jre\bin\java.exe
0x00007ffb9fdd0000 - 0x00007ffb9ffc5000 	C:\WINDOWS\SYSTEM32\ntdll.dll
0x00007ffb9e4e0000 - 0x00007ffb9e59e000 	C:\WINDOWS\System32\KERNEL32.DLL
0x00007ffb9da50000 - 0x00007ffb9dd18000 	C:\WINDOWS\System32\KERNELBASE.dll
0x00007ffb9dd20000 - 0x00007ffb9de20000 	C:\WINDOWS\System32\ucrtbase.dll
0x00007ffb89460000 - 0x00007ffb89479000 	C:\Program Files\Android\Android Studio\jre\bin\jli.dll
0x00007ffb9dfd0000 - 0x00007ffb9e171000 	C:\WINDOWS\System32\USER32.dll
0x00007ffb9d730000 - 0x00007ffb9d752000 	C:\WINDOWS\System32\win32u.dll
0x00007ffb9e5d0000 - 0x00007ffb9e5fb000 	C:\WINDOWS\System32\GDI32.dll
0x00007ffb9d8a0000 - 0x00007ffb9d9ab000 	C:\WINDOWS\System32\gdi32full.dll
0x00007ffb9d9b0000 - 0x00007ffb9da4d000 	C:\WINDOWS\System32\msvcp_win.dll
0x00007ffb741b0000 - 0x00007ffb741c7000 	C:\Program Files\Android\Android Studio\jre\bin\VCRUNTIME140.dll
0x00007ffb8f790000 - 0x00007ffb8fa2a000 	C:\WINDOWS\WinSxS\amd64_microsoft.windows.common-controls_6595b64144ccf1df_6.0.19041.1110_none_60b5254171f9507e\COMCTL32.dll
0x00007ffb9f2c0000 - 0x00007ffb9f35e000 	C:\WINDOWS\System32\msvcrt.dll
0x00007ffb9e5a0000 - 0x00007ffb9e5d0000 	C:\WINDOWS\System32\IMM32.DLL
0x00007ffb64130000 - 0x00007ffb641cd000 	C:\Program Files\Android\Android Studio\jre\bin\msvcp140.dll
0x00007ffb5b290000 - 0x00007ffb5bd4c000 	C:\Program Files\Android\Android Studio\jre\bin\server\jvm.dll
0x00007ffb9df20000 - 0x00007ffb9dfcc000 	C:\WINDOWS\System32\ADVAPI32.dll
0x00007ffb9de20000 - 0x00007ffb9debb000 	C:\WINDOWS\System32\sechost.dll
0x00007ffb9f160000 - 0x00007ffb9f28a000 	C:\WINDOWS\System32\RPCRT4.dll
0x00007ffb9f290000 - 0x00007ffb9f298000 	C:\WINDOWS\System32\PSAPI.DLL
0x00007ffb956c0000 - 0x00007ffb956c9000 	C:\WINDOWS\SYSTEM32\WSOCK32.dll
0x00007ffb9f450000 - 0x00007ffb9f4bb000 	C:\WINDOWS\System32\WS2_32.dll
0x00007ffb92750000 - 0x00007ffb92777000 	C:\WINDOWS\SYSTEM32\WINMM.dll
0x00007ffb939d0000 - 0x00007ffb939da000 	C:\WINDOWS\SYSTEM32\VERSION.dll
0x00007ffb9b480000 - 0x00007ffb9b492000 	C:\WINDOWS\SYSTEM32\kernel.appcore.dll
0x00007ffb8c920000 - 0x00007ffb8c931000 	C:\Program Files\Android\Android Studio\jre\bin\verify.dll
0x00007ffb80070000 - 0x00007ffb80254000 	C:\WINDOWS\SYSTEM32\DBGHELP.DLL
0x00007ffb80000000 - 0x00007ffb8002c000 	C:\WINDOWS\SYSTEM32\dbgcore.DLL
0x00007ffb9d760000 - 0x00007ffb9d7e3000 	C:\WINDOWS\System32\bcryptPrimitives.dll
0x00007ffb8c8f0000 - 0x00007ffb8c919000 	C:\Program Files\Android\Android Studio\jre\bin\java.dll
0x00007ffb93260000 - 0x00007ffb9326b000 	C:\Program Files\Android\Android Studio\jre\bin\jimage.dll
0x00007ffb8c8d0000 - 0x00007ffb8c8e8000 	C:\Program Files\Android\Android Studio\jre\bin\zip.dll
0x00007ffb9f650000 - 0x00007ffb9fd8f000 	C:\WINDOWS\System32\SHELL32.dll
0x00007ffb9b5f0000 - 0x00007ffb9bd80000 	C:\WINDOWS\SYSTEM32\windows.storage.dll
0x00007ffb9e180000 - 0x00007ffb9e4d5000 	C:\WINDOWS\System32\combase.dll
0x00007ffb9cf40000 - 0x00007ffb9cf6e000 	C:\WINDOWS\SYSTEM32\Wldp.dll
0x00007ffb9e600000 - 0x00007ffb9e6ad000 	C:\WINDOWS\System32\SHCORE.dll
0x00007ffb9e6b0000 - 0x00007ffb9e705000 	C:\WINDOWS\System32\shlwapi.dll
0x00007ffb9d430000 - 0x00007ffb9d44f000 	C:\WINDOWS\SYSTEM32\profapi.dll
0x00007ffb8c1b0000 - 0x00007ffb8c1ca000 	C:\Program Files\Android\Android Studio\jre\bin\net.dll
0x00007ffb92a80000 - 0x00007ffb92b8c000 	C:\WINDOWS\SYSTEM32\WINHTTP.dll
0x00007ffb9cca0000 - 0x00007ffb9cd0a000 	C:\WINDOWS\system32\mswsock.dll
0x00007ffb8c190000 - 0x00007ffb8c1a4000 	C:\Program Files\Android\Android Studio\jre\bin\nio.dll
0x00007ffb6c330000 - 0x00007ffb6c356000 	C:\Users\ifm\.gradle\native\fdc75f09e3144964f2cf3f50f0aa648679c211496f362492102eb8c894070792\windows-amd64\native-platform.dll
0x00007ffb5ab90000 - 0x00007ffb5ad21000 	C:\Users\ifm\.gradle\native\12488b8bf47d2d4c9fbf2f6322a914ad602e24e48041cd04a747c6da556b65c4\windows-amd64\native-platform-file-events.dll
0x00007ffb8dc10000 - 0x00007ffb8dc1a000 	C:\Program Files\Android\Android Studio\jre\bin\management.dll
0x00007ffb8db70000 - 0x00007ffb8db7c000 	C:\Program Files\Android\Android Studio\jre\bin\management_ext.dll
0x00007ffb9ce90000 - 0x00007ffb9cea8000 	C:\WINDOWS\SYSTEM32\CRYPTSP.dll
0x00007ffb9c5b0000 - 0x00007ffb9c5e4000 	C:\WINDOWS\system32\rsaenh.dll
0x00007ffb9d650000 - 0x00007ffb9d677000 	C:\WINDOWS\System32\bcrypt.dll
0x00007ffb9d3f0000 - 0x00007ffb9d41e000 	C:\WINDOWS\SYSTEM32\USERENV.dll
0x00007ffb9ceb0000 - 0x00007ffb9cebc000 	C:\WINDOWS\SYSTEM32\CRYPTBASE.dll
0x00007ffb9c940000 - 0x00007ffb9c97b000 	C:\WINDOWS\SYSTEM32\IPHLPAPI.DLL
0x00007ffb9ed20000 - 0x00007ffb9ed28000 	C:\WINDOWS\System32\NSI.dll
0x00007ffb94240000 - 0x00007ffb94257000 	C:\WINDOWS\SYSTEM32\dhcpcsvc6.DLL
0x00007ffb94a40000 - 0x00007ffb94a5d000 	C:\WINDOWS\SYSTEM32\dhcpcsvc.DLL
0x00007ffb9c990000 - 0x00007ffb9ca5b000 	C:\WINDOWS\SYSTEM32\DNSAPI.dll
0x00007ffb95530000 - 0x00007ffb9553b000 	C:\WINDOWS\SYSTEM32\WINNSI.DLL

dbghelp: loaded successfully - version: 4.0.5 - missing functions: none
symbol engine: initialized successfully - sym options: 0x614 - pdb path: .;C:\Program Files\Android\Android Studio\jre\bin;C:\WINDOWS\SYSTEM32;C:\WINDOWS\WinSxS\amd64_microsoft.windows.common-controls_6595b64144ccf1df_6.0.19041.1110_none_60b5254171f9507e;C:\Program Files\Android\Android Studio\jre\bin\server;C:\Users\ifm\.gradle\native\fdc75f09e3144964f2cf3f50f0aa648679c211496f362492102eb8c894070792\windows-amd64;C:\Users\ifm\.gradle\native\12488b8bf47d2d4c9fbf2f6322a914ad602e24e48041cd04a747c6da556b65c4\windows-amd64

VM Arguments:
jvm_args: --add-opens=java.base/java.util=ALL-UNNAMED --add-opens=java.base/java.lang=ALL-UNNAMED --add-opens=java.base/java.lang.invoke=ALL-UNNAMED --add-opens=java.prefs/java.util.prefs=ALL-UNNAMED -Xmx1536M -Dfile.encoding=windows-1256 -Duser.country=US -Duser.language=en -Duser.variant 
java_command: org.gradle.launcher.daemon.bootstrap.GradleDaemon 6.7
java_class_path (initial): C:\Users\ifm\.gradle\wrapper\dists\gradle-6.7-all\cuy9mc7upwgwgeb72wkcrupxe\gradle-6.7\lib\gradle-launcher-6.7.jar
Launcher Type: SUN_STANDARD

[Global flags]
     intx CICompilerCount                          = 3                                         {product} {ergonomic}
     uint ConcGCThreads                            = 1                                         {product} {ergonomic}
     uint G1ConcRefinementThreads                  = 4                                         {product} {ergonomic}
   size_t G1HeapRegionSize                         = 1048576                                   {product} {ergonomic}
    uintx GCDrainStackTargetSize                   = 64                                        {product} {ergonomic}
   size_t InitialHeapSize                          = 134217728                                 {product} {ergonomic}
   size_t MarkStackSize                            = 4194304                                   {product} {ergonomic}
   size_t MaxHeapSize                              = 1610612736                                {product} {command line}
   size_t MaxNewSize                               = 965738496                                 {product} {ergonomic}
   size_t MinHeapDeltaBytes                        = 1048576                                   {product} {ergonomic}
    uintx NonNMethodCodeHeapSize                   = 5830732                                {pd product} {ergonomic}
    uintx NonProfiledCodeHeapSize                  = 122913754                              {pd product} {ergonomic}
    uintx ProfiledCodeHeapSize                     = 122913754                              {pd product} {ergonomic}
    uintx ReservedCodeCacheSize                    = 251658240                              {pd product} {ergonomic}
     bool SegmentedCodeCache                       = true                                      {product} {ergonomic}
     bool UseCompressedClassPointers               = true                                 {lp64_product} {ergonomic}
     bool UseCompressedOops                        = true                                 {lp64_product} {ergonomic}
     bool UseG1GC                                  = true                                      {product} {ergonomic}
     bool UseLargePagesIndividualAllocation        = false                                  {pd product} {ergonomic}

Logging:
Log output configuration:
 #0: stdout all=warning uptime,level,tags
 #1: stderr all=off uptime,level,tags

Environment Variables:
JAVA_HOME=C:\Program Files\Android\Android Studio\jre
CLASSPATH=F:\WorkSpaceVScode\flutter_practice\my_card\android\\gradle\wrapper\gradle-wrapper.jar
PATH=C:\Program Files (x86)\NVIDIA Corporation\PhysX\Common;E:\app\ifm\product\12.1.0\dbhome_1\bin;C:\ProgramData\Oracle\Java\javapath;C:\Program Files (x86)\Common Files\Oracle\Java\javapath;C:\WINDOWS\system32;C:\WINDOWS;C:\WINDOWS\System32\Wbem;C:\WINDOWS\System32\WindowsPowerShell\v1.0\;C:\Program Files\Microsoft SQL Server\120\DTS\Binn\;C:\Program Files\Microsoft SQL Server\Client SDK\ODBC\110\Tools\Binn\;C:\Program Files (x86)\Microsoft SQL Server\120\Tools\Binn\;C:\Program Files\Microsoft SQL Server\120\Tools\Binn\;C:\Program Files (x86)\Microsoft SQL Server\120\Tools\Binn\ManagementStudio\;C:\Program Files (x86)\Microsoft SQL Server\120\DTS\Binn\;C:\Program Files (x86)\Windows Kits\10\Windows Performance Toolkit\;C:\Program Files\Microsoft SQL Server\130\Tools\Binn\;C:\Program Files\dotnet\;C:\WINDOWS\System32\OpenSSH\;C:\Program Files (x86)\Microsoft Emulator Manager\1.0\;C:\Program Files (x86)\GtkSharp\2.12\bin;C:\Program Files (x86)\Cepstral\bin;C:\Program Files\Git\cmd;F:\dart\Dart\dart-sdk\bin;C:\Prog;C:\Users\ifm\AppData\Local\Microsoft\WindowsApps;C:\Program Files (x86)\Google\google_appengine\;C:\Users\ifm\AppData\Local\Programs\Microsoft VS Code\bin;C:\Users\ifm\AppData\Local\GitHubDesktop\bin;F:\AllSDK\dart-sdk\bin;F:\AllSDK\flutter-sdk\bin;F:\AllSDK\android-sdk\platform-tools;F:\AllSDK\android-sdk\platforms;;F:\AllSDK\flutter-sdk\bin\mingit\cmd
USERNAME=ifm
OS=Windows_NT
PROCESSOR_IDENTIFIER=Intel64 Family 6 Model 69 Stepping 1, GenuineIntel



---------------  S Y S T E M  ---------------

OS: Windows 10 , 64 bit Build 19041 (10.0.19041.1348)
OS uptime: 1 days 9:46 hours

CPU:total 4 (initial active 4) (2 cores per cpu, 2 threads per core) family 6 model 69 stepping 1, cmov, cx8, fxsr, mmx, sse, sse2, sse3, ssse3, sse4.1, sse4.2, popcnt, avx, avx2, aes, clmul, erms, lzcnt, ht, tsc, tscinvbit, bmi1, bmi2, fma

Memory: 4k page, system-wide physical 8097M (349M free)
TotalPageFile size 11097M (AvailPageFile size 0M)
current process WorkingSet (physical memory assigned to process): 328M, peak: 359M
current process commit charge ("private bytes"): 368M, peak: 394M

vm_info: OpenJDK 64-Bit Server VM (11.0.8+10-b944.6842174) for windows-amd64 JRE (11.0.8+10-b944.6842174), built on Sep 19 2020 01:11:42 by "builder" with MS VC++ 14.0 (VS2015)

END.
